<?xml version="1.0" encoding="UTF-8"?>
<coverage generated="1786701765516" clover="3.2.0">
  <project timestamp="1786701765517" name="All files">
    <metrics statements="275" coveredstatements="273" conditionals="167" coveredconditionals="152" methods="89" coveredmethods="89" elements="531" coveredelements="514" complexity="0" loc="275" ncloc="275" packages="4" files="12" classes="12"/>
    <package name="src">
      <metrics statements="1" coveredstatements="1" conditionals="0" coveredconditionals="0" methods="1" coveredmethods="1"/>
      <file name="App.jsx" path="C:\Users\Martin Delory\Documents\work\cv-website\src\App.jsx">
        <metrics statements="1" coveredstatements="1" conditionals="0" coveredconditionals="0" methods="1" coveredmethods="1"/>
        <line num="11" count="1" type="stmt"/>
      </file>
    </package>
    <package name="src.components">
      <metrics statements="238" coveredstatements="236" conditionals="135" coveredconditionals="121" methods="83" coveredmethods="83"/>
      <file name="About.jsx" path="C:\Users\Martin Delory\Documents\work\cv-website\src\components\About.jsx">
        <metrics statements="14" coveredstatements="14" conditionals="2" coveredconditionals="1" methods="6" coveredmethods="6"/>
        <line num="8" count="2" type="stmt"/>
        <line num="16" count="2" type="stmt"/>
        <line num="17" count="2" type="stmt"/>
        <line num="19" count="2" type="stmt"/>
        <line num="55" count="1" type="stmt"/>
        <line num="56" count="1" type="stmt"/>
        <line num="152" count="6" type="cond" truecount="1" falsecount="1"/>
        <line num="153" count="6" type="stmt"/>
        <line num="170" count="1" type="stmt"/>
        <line num="171" count="1" type="stmt"/>
        <line num="172" count="1" type="stmt"/>
        <line num="175" count="1" type="stmt"/>
        <line num="176" count="1" type="stmt"/>
        <line num="177" count="1" type="stmt"/>
      </file>
      <file name="Contact.jsx" path="C:\Users\Martin Delory\Documents\work\cv-website\src\components\Contact.jsx">
        <metrics statements="6" coveredstatements="6" conditionals="0" coveredconditionals="0" methods="5" coveredmethods="5"/>
        <line num="6" count="2" type="stmt"/>
        <line num="7" count="2" type="stmt"/>
        <line num="33" count="1" type="stmt"/>
        <line num="34" count="1" type="stmt"/>
        <line num="44" count="1" type="stmt"/>
        <line num="45" count="1" type="stmt"/>
      </file>
      <file name="Experience.jsx" path="C:\Users\Martin Delory\Documents\work\cv-website\src\components\Experience.jsx">
        <metrics statements="21" coveredstatements="21" conditionals="20" coveredconditionals="19" methods="13" coveredmethods="13"/>
        <line num="7" count="2" type="stmt"/>
        <line num="8" count="18" type="cond" truecount="2" falsecount="0"/>
        <line num="9" count="18" type="cond" truecount="2" falsecount="0"/>
        <line num="10" count="18" type="stmt"/>
        <line num="12" count="18" type="stmt"/>
        <line num="59" count="2" type="stmt"/>
        <line num="60" count="12" type="stmt"/>
        <line num="69" count="2" type="stmt"/>
        <line num="70" count="9" type="stmt"/>
        <line num="92" count="2" type="stmt"/>
        <line num="93" count="12" type="stmt"/>
        <line num="123" count="2" type="stmt"/>
        <line num="125" count="18" type="stmt"/>
        <line num="126" count="18" type="stmt"/>
        <line num="127" count="18" type="stmt"/>
        <line num="129" count="3" type="stmt"/>
        <line num="151" count="6" type="stmt"/>
        <line num="168" count="6" type="stmt"/>
        <line num="184" count="6" type="stmt"/>
        <line num="206" count="9" type="stmt"/>
        <line num="220" count="12" type="stmt"/>
      </file>
      <file name="Hero.jsx" path="C:\Users\Martin Delory\Documents\work\cv-website\src\components\Hero.jsx">
        <metrics statements="2" coveredstatements="2" conditionals="0" coveredconditionals="0" methods="1" coveredmethods="1"/>
        <line num="6" count="2" type="stmt"/>
        <line num="7" count="2" type="stmt"/>
      </file>
      <file name="Navbar.jsx" path="C:\Users\Martin Delory\Documents\work\cv-website\src\components\Navbar.jsx">
        <metrics statements="51" coveredstatements="51" conditionals="36" coveredconditionals="36" methods="23" coveredmethods="23"/>
        <line num="5" count="2" type="stmt"/>
        <line num="13" count="2" type="stmt"/>
        <line num="14" count="35" type="stmt"/>
        <line num="15" count="35" type="stmt"/>
        <line num="16" count="35" type="stmt"/>
        <line num="19" count="35" type="stmt"/>
        <line num="20" count="12" type="stmt"/>
        <line num="21" count="14" type="cond" truecount="2" falsecount="0"/>
        <line num="22" count="1" type="stmt"/>
        <line num="24" count="13" type="stmt"/>
        <line num="28" count="12" type="stmt"/>
        <line num="29" count="12" type="stmt"/>
        <line num="30" count="12" type="stmt"/>
        <line num="34" count="35" type="stmt"/>
        <line num="35" count="12" type="stmt"/>
        <line num="41" count="12" type="stmt"/>
        <line num="42" count="2" type="stmt"/>
        <line num="43" count="2" type="cond" truecount="2" falsecount="0"/>
        <line num="44" count="1" type="stmt"/>
        <line num="49" count="12" type="stmt"/>
        <line num="50" count="60" type="stmt"/>
        <line num="52" count="12" type="stmt"/>
        <line num="54" count="12" type="stmt"/>
        <line num="55" count="12" type="stmt"/>
        <line num="60" count="35" type="stmt"/>
        <line num="61" count="25" type="cond" truecount="2" falsecount="0"/>
        <line num="62" count="7" type="stmt"/>
        <line num="64" count="18" type="stmt"/>
        <line num="66" count="25" type="stmt"/>
        <line num="67" count="25" type="stmt"/>
        <line num="72" count="35" type="stmt"/>
        <line num="73" count="25" type="stmt"/>
        <line num="74" count="2" type="cond" truecount="4" falsecount="0"/>
        <line num="75" count="1" type="stmt"/>
        <line num="79" count="25" type="stmt"/>
        <line num="80" count="2" type="cond" truecount="4" falsecount="0"/>
        <line num="81" count="1" type="stmt"/>
        <line num="85" count="25" type="stmt"/>
        <line num="86" count="25" type="stmt"/>
        <line num="87" count="25" type="stmt"/>
        <line num="88" count="25" type="stmt"/>
        <line num="89" count="25" type="stmt"/>
        <line num="93" count="35" type="stmt"/>
        <line num="96" count="1" type="stmt"/>
        <line num="104" count="175" type="stmt"/>
        <line num="105" count="175" type="stmt"/>
        <line num="124" count="8" type="stmt"/>
        <line num="136" count="2" type="cond" truecount="2" falsecount="0"/>
        <line num="142" count="175" type="stmt"/>
        <line num="143" count="175" type="stmt"/>
        <line num="152" count="1" type="stmt"/>
      </file>
      <file name="PDFDownloadButton.jsx" path="C:\Users\Martin Delory\Documents\work\cv-website\src\components\PDFDownloadButton.jsx">
        <metrics statements="67" coveredstatements="65" conditionals="49" coveredconditionals="39" methods="7" coveredmethods="7"/>
        <line num="6" count="4" type="cond" truecount="3" falsecount="0"/>
        <line num="7" count="76" type="stmt"/>
        <line num="9" count="76" type="stmt"/>
        <line num="10" count="5" type="cond" truecount="1" falsecount="1"/>
        <line num="11" count="5" type="stmt"/>
        <line num="13" count="5" type="stmt"/>
        <line num="14" count="5" type="stmt"/>
        <line num="15" count="5" type="stmt"/>
        <line num="16" count="5" type="cond" truecount="2" falsecount="0"/>
        <line num="17" count="1" type="stmt"/>
        <line num="23" count="4" type="stmt"/>
        <line num="24" count="4" type="stmt"/>
        <line num="25" count="4" type="stmt"/>
        <line num="26" count="4" type="stmt"/>
        <line num="27" count="4" type="stmt"/>
        <line num="28" count="4" type="stmt"/>
        <line num="29" count="4" type="stmt"/>
        <line num="30" count="4" type="stmt"/>
        <line num="31" count="4" type="stmt"/>
        <line num="34" count="4" type="stmt"/>
        <line num="35" count="4" type="stmt"/>
        <line num="36" count="4" type="stmt"/>
        <line num="37" count="4" type="stmt"/>
        <line num="38" count="4" type="stmt"/>
        <line num="39" count="4" type="stmt"/>
        <line num="40" count="4" type="stmt"/>
        <line num="41" count="4" type="stmt"/>
        <line num="42" count="4" type="stmt"/>
        <line num="44" count="4" type="stmt"/>
        <line num="45" count="4" type="stmt"/>
        <line num="48" count="4" type="stmt"/>
        <line num="49" count="4" type="stmt"/>
        <line num="51" count="1" type="cond" truecount="2" falsecount="2"/>
        <line num="52" count="1" type="stmt"/>
        <line num="53" count="1" type="stmt"/>
        <line num="54" count="1" type="stmt"/>
        <line num="60" count="4" type="stmt"/>
        <line num="63" count="4" type="stmt"/>
        <line num="73" count="4" type="cond" truecount="3" falsecount="1"/>
        <line num="74" count="4" type="stmt"/>
        <line num="75" count="4" type="stmt"/>
        <line num="79" count="4" type="stmt"/>
        <line num="81" count="4" type="stmt"/>
        <line num="87" count="4" type="stmt"/>
        <line num="88" count="4" type="stmt"/>
        <line num="90" count="4" type="stmt"/>
        <line num="91" count="4" type="stmt"/>
        <line num="94" count="4" type="cond" truecount="1" falsecount="1"/>
        <line num="95" count="0" type="stmt"/>
        <line num="98" count="4" type="stmt"/>
        <line num="99" count="4" type="stmt"/>
        <line num="100" count="4" type="stmt"/>
        <line num="101" count="4" type="stmt"/>
        <line num="105" count="4" type="stmt"/>
        <line num="108" count="1" type="stmt"/>
        <line num="109" count="1" type="stmt"/>
        <line num="111" count="5" type="cond" truecount="2" falsecount="2"/>
        <line num="112" count="0" type="stmt"/>
        <line num="114" count="5" type="stmt"/>
        <line num="118" count="76" type="stmt"/>
        <line num="120" count="76" type="stmt"/>
        <line num="146" count="2" type="cond" truecount="1" falsecount="1"/>
        <line num="147" count="2" type="cond" truecount="2" falsecount="0"/>
        <line num="148" count="2" type="stmt"/>
        <line num="152" count="2" type="cond" truecount="1" falsecount="1"/>
        <line num="153" count="2" type="cond" truecount="2" falsecount="0"/>
        <line num="154" count="2" type="stmt"/>
      </file>
      <file name="PDFTemplate.jsx" path="C:\Users\Martin Delory\Documents\work\cv-website\src\components\PDFTemplate.jsx">
        <metrics statements="20" coveredstatements="20" conditionals="18" coveredconditionals="17" methods="11" coveredmethods="11"/>
        <line num="12" count="3" type="stmt"/>
        <line num="13" count="6" type="stmt"/>
        <line num="16" count="6" type="stmt"/>
        <line num="28" count="6" type="stmt"/>
        <line num="42" count="31" type="cond" truecount="2" falsecount="0"/>
        <line num="43" count="31" type="stmt"/>
        <line num="45" count="6" type="stmt"/>
        <line num="122" count="16" type="stmt"/>
        <line num="126" count="76" type="stmt"/>
        <line num="139" count="20" type="cond" truecount="2" falsecount="0"/>
        <line num="140" count="20" type="stmt"/>
        <line num="141" count="20" type="cond" truecount="2" falsecount="0"/>
        <line num="142" count="20" type="cond" truecount="1" falsecount="1"/>
        <line num="144" count="20" type="stmt"/>
        <line num="155" count="65" type="stmt"/>
        <line num="166" count="11" type="stmt"/>
        <line num="167" count="11" type="stmt"/>
        <line num="186" count="16" type="stmt"/>
        <line num="202" count="20" type="stmt"/>
        <line num="225" count="16" type="stmt"/>
      </file>
      <file name="ParticleBackground.jsx" path="C:\Users\Martin Delory\Documents\work\cv-website\src\components\ParticleBackground.jsx">
        <metrics statements="46" coveredstatements="46" conditionals="8" coveredconditionals="7" methods="11" coveredmethods="11"/>
        <line num="3" count="7" type="stmt"/>
        <line num="4" count="12" type="stmt"/>
        <line num="6" count="12" type="stmt"/>
        <line num="7" count="12" type="stmt"/>
        <line num="8" count="12" type="stmt"/>
        <line num="10" count="12" type="stmt"/>
        <line num="12" count="12" type="stmt"/>
        <line num="13" count="13" type="stmt"/>
        <line num="14" count="13" type="stmt"/>
        <line num="19" count="1040" type="stmt"/>
        <line num="20" count="1040" type="stmt"/>
        <line num="21" count="1040" type="stmt"/>
        <line num="22" count="1040" type="stmt"/>
        <line num="23" count="1040" type="stmt"/>
        <line num="24" count="1040" type="stmt"/>
        <line num="28" count="30960" type="stmt"/>
        <line num="29" count="30960" type="stmt"/>
        <line num="32" count="30960" type="cond" truecount="2" falsecount="0"/>
        <line num="33" count="30960" type="cond" truecount="2" falsecount="0"/>
        <line num="34" count="30960" type="cond" truecount="1" falsecount="1"/>
        <line num="35" count="30960" type="cond" truecount="2" falsecount="0"/>
        <line num="39" count="30960" type="stmt"/>
        <line num="40" count="30960" type="stmt"/>
        <line num="41" count="30960" type="stmt"/>
        <line num="42" count="30960" type="stmt"/>
        <line num="46" count="12" type="stmt"/>
        <line num="47" count="13" type="stmt"/>
        <line num="48" count="13" type="stmt"/>
        <line num="49" count="13" type="stmt"/>
        <line num="50" count="1040" type="stmt"/>
        <line num="54" count="12" type="stmt"/>
        <line num="55" count="387" type="stmt"/>
        <line num="56" count="387" type="stmt"/>
        <line num="57" count="30960" type="stmt"/>
        <line num="58" count="30960" type="stmt"/>
        <line num="60" count="387" type="stmt"/>
        <line num="63" count="12" type="stmt"/>
        <line num="64" count="12" type="stmt"/>
        <line num="65" count="12" type="stmt"/>
        <line num="67" count="12" type="stmt"/>
        <line num="68" count="1" type="stmt"/>
        <line num="69" count="1" type="stmt"/>
        <line num="72" count="12" type="stmt"/>
        <line num="73" count="12" type="stmt"/>
        <line num="74" count="12" type="stmt"/>
        <line num="78" count="12" type="stmt"/>
      </file>
      <file name="Skills.jsx" path="C:\Users\Martin Delory\Documents\work\cv-website\src\components\Skills.jsx">
        <metrics statements="11" coveredstatements="11" conditionals="2" coveredconditionals="2" methods="6" coveredmethods="6"/>
        <line num="6" count="2" type="stmt"/>
        <line num="12" count="2" type="stmt"/>
        <line num="13" count="7" type="stmt"/>
        <line num="14" count="7" type="stmt"/>
        <line num="22" count="1" type="stmt"/>
        <line num="23" count="1" type="stmt"/>
        <line num="37" count="19" type="stmt"/>
        <line num="53" count="2" type="stmt"/>
        <line num="54" count="2" type="stmt"/>
        <line num="66" count="7" type="cond" truecount="2" falsecount="0"/>
        <line num="67" count="7" type="stmt"/>
      </file>
    </package>
    <package name="src.data">
      <metrics statements="10" coveredstatements="10" conditionals="0" coveredconditionals="0" methods="3" coveredmethods="3"/>
      <file name="cvData.js" path="C:\Users\Martin Delory\Documents\work\cv-website\src\data\cvData.js">
        <metrics statements="10" coveredstatements="10" conditionals="0" coveredconditionals="0" methods="3" coveredmethods="3"/>
        <line num="3" count="5" type="stmt"/>
        <line num="15" count="8" type="stmt"/>
        <line num="17" count="5" type="stmt"/>
        <line num="18" count="1" type="stmt"/>
        <line num="19" count="6" type="stmt"/>
        <line num="22" count="5" type="stmt"/>
        <line num="61" count="5" type="stmt"/>
        <line num="153" count="5" type="stmt"/>
        <line num="180" count="5" type="stmt"/>
        <line num="198" count="5" type="stmt"/>
      </file>
    </package>
    <package name="src.utils">
      <metrics statements="26" coveredstatements="26" conditionals="32" coveredconditionals="31" methods="2" coveredmethods="2"/>
      <file name="dateUtils.js" path="C:\Users\Martin Delory\Documents\work\cv-website\src\utils\dateUtils.js">
        <metrics statements="26" coveredstatements="26" conditionals="32" coveredconditionals="31" methods="2" coveredmethods="2"/>
        <line num="1" count="7" type="stmt"/>
        <line num="2" count="17" type="cond" truecount="2" falsecount="0"/>
        <line num="3" count="15" type="stmt"/>
        <line num="4" count="15" type="cond" truecount="2" falsecount="0"/>
        <line num="6" count="14" type="stmt"/>
        <line num="7" count="14" type="stmt"/>
        <line num="8" count="14" type="stmt"/>
        <line num="9" count="14" type="cond" truecount="5" falsecount="0"/>
        <line num="10" count="3" type="stmt"/>
        <line num="12" count="14" type="cond" truecount="2" falsecount="0"/>
        <line num="15" count="7" type="cond" truecount="1" falsecount="0"/>
        <line num="16" count="59" type="cond" truecount="2" falsecount="0"/>
        <line num="17" count="58" type="stmt"/>
        <line num="18" count="58" type="cond" truecount="1" falsecount="1"/>
        <line num="19" count="59" type="cond" truecount="4" falsecount="0"/>
        <line num="21" count="56" type="stmt"/>
        <line num="22" count="56" type="stmt"/>
        <line num="24" count="56" type="cond" truecount="2" falsecount="0"/>
        <line num="25" count="1" type="stmt"/>
        <line num="26" count="1" type="stmt"/>
        <line num="29" count="56" type="cond" truecount="2" falsecount="0"/>
        <line num="31" count="55" type="cond" truecount="2" falsecount="0"/>
        <line num="32" count="25" type="stmt"/>
        <line num="35" count="30" type="cond" truecount="2" falsecount="0"/>
        <line num="36" count="11" type="cond" truecount="2" falsecount="0"/>
        <line num="39" count="19" type="cond" truecount="2" falsecount="0"/>
      </file>
    </package>
  </project>
</coverage>
