{"C:\\Users\\Martin Delory\\Documents\\work\\cv-website\\src\\App.jsx": {"path":"C:\\Users\\Martin Delory\\Documents\\work\\cv-website\\src\\App.jsx","statementMap":{"0":{"start":{"line":11,"column":2},"end":{"line":20,"column":null}}},"fnMap":{"0":{"name":"App","decl":{"start":{"line":10,"column":9},"end":{"line":10,"column":15}},"loc":{"start":{"line":10,"column":15},"end":{"line":22,"column":null}},"line":10}},"branchMap":{},"s":{"0":1},"f":{"0":1},"b":{},"meta":{"lastBranch":0,"lastFunction":1,"lastStatement":1,"seen":{"f:10:9:10:15":0,"s:11:2:20:Infinity":0},"fnNames":{}}}
,"C:\\Users\\Martin Delory\\Documents\\work\\cv-website\\src\\components\\About.jsx": {"path":"C:\\Users\\Martin Delory\\Documents\\work\\cv-website\\src\\components\\About.jsx","statementMap":{"0":{"start":{"line":8,"column":21},"end":{"line":13,"column":null}},"1":{"start":{"line":16,"column":6},"end":{"line":208,"column":null}},"2":{"start":{"line":17,"column":16},"end":{"line":17,"column":23}},"3":{"start":{"line":19,"column":4},"end":{"line":206,"column":null}},"4":{"start":{"line":55,"column":53},"end":{"line":55,"column":null}},"5":{"start":{"line":56,"column":53},"end":{"line":56,"column":null}},"6":{"start":{"line":152,"column":49},"end":{"line":152,"column":null}},"7":{"start":{"line":153,"column":36},"end":{"line":197,"column":null}},"8":{"start":{"line":170,"column":48},"end":{"line":170,"column":null}},"9":{"start":{"line":171,"column":48},"end":{"line":171,"column":null}},"10":{"start":{"line":172,"column":48},"end":{"line":172,"column":null}},"11":{"start":{"line":175,"column":48},"end":{"line":175,"column":null}},"12":{"start":{"line":176,"column":48},"end":{"line":176,"column":null}},"13":{"start":{"line":177,"column":48},"end":{"line":177,"column":null}}},"fnMap":{"0":{"name":"(anonymous_0)","decl":{"start":{"line":16,"column":6},"end":{"line":16,"column":20}},"loc":{"start":{"line":16,"column":20},"end":{"line":208,"column":null}},"line":16},"1":{"name":"(anonymous_1)","decl":{"start":{"line":55,"column":32},"end":{"line":55,"column":47}},"loc":{"start":{"line":55,"column":53},"end":{"line":55,"column":null}},"line":55},"2":{"name":"(anonymous_2)","decl":{"start":{"line":56,"column":32},"end":{"line":56,"column":47}},"loc":{"start":{"line":56,"column":53},"end":{"line":56,"column":null}},"line":56},"3":{"name":"(anonymous_3)","decl":{"start":{"line":151,"column":41},"end":{"line":151,"column":46}},"loc":{"start":{"line":151,"column":56},"end":{"line":199,"column":33}},"line":151},"4":{"name":"(anonymous_4)","decl":{"start":{"line":169,"column":44},"end":{"line":169,"column":59}},"loc":{"start":{"line":169,"column":65},"end":{"line":173,"column":null}},"line":169},"5":{"name":"(anonymous_5)","decl":{"start":{"line":174,"column":44},"end":{"line":174,"column":59}},"loc":{"start":{"line":174,"column":65},"end":{"line":178,"column":null}},"line":174}},"branchMap":{"0":{"loc":{"start":{"line":152,"column":49},"end":{"line":152,"column":null}},"type":"binary-expr","locations":[{"start":{"line":152,"column":49},"end":{"line":152,"column":77}},{"start":{"line":152,"column":77},"end":{"line":152,"column":null}}],"line":152}},"s":{"0":2,"1":2,"2":2,"3":2,"4":1,"5":1,"6":6,"7":6,"8":1,"9":1,"10":1,"11":1,"12":1,"13":1},"f":{"0":2,"1":1,"2":1,"3":6,"4":1,"5":1},"b":{"0":[6,0]},"meta":{"lastBranch":1,"lastFunction":6,"lastStatement":14,"seen":{"s:8:21:13:Infinity":0,"s:16:6:208:Infinity":1,"f:16:6:16:20":0,"s:17:16:17:23":2,"s:19:4:206:Infinity":3,"f:55:32:55:47":1,"s:55:53:55:Infinity":4,"f:56:32:56:47":2,"s:56:53:56:Infinity":5,"f:151:41:151:46":3,"s:152:49:152:Infinity":6,"b:152:49:152:77:152:77:152:Infinity":0,"s:153:36:197:Infinity":7,"f:169:44:169:59":4,"s:170:48:170:Infinity":8,"s:171:48:171:Infinity":9,"s:172:48:172:Infinity":10,"f:174:44:174:59":5,"s:175:48:175:Infinity":11,"s:176:48:176:Infinity":12,"s:177:48:177:Infinity":13},"fnNames":{}}}
,"C:\\Users\\Martin Delory\\Documents\\work\\cv-website\\src\\components\\Contact.jsx": {"path":"C:\\Users\\Martin Delory\\Documents\\work\\cv-website\\src\\components\\Contact.jsx","statementMap":{"0":{"start":{"line":6,"column":6},"end":{"line":58,"column":null}},"1":{"start":{"line":7,"column":4},"end":{"line":56,"column":null}},"2":{"start":{"line":33,"column":45},"end":{"line":33,"column":null}},"3":{"start":{"line":34,"column":45},"end":{"line":34,"column":null}},"4":{"start":{"line":44,"column":45},"end":{"line":44,"column":null}},"5":{"start":{"line":45,"column":45},"end":{"line":45,"column":null}}},"fnMap":{"0":{"name":"(anonymous_0)","decl":{"start":{"line":6,"column":6},"end":{"line":6,"column":22}},"loc":{"start":{"line":6,"column":22},"end":{"line":58,"column":null}},"line":6},"1":{"name":"(anonymous_1)","decl":{"start":{"line":33,"column":24},"end":{"line":33,"column":39}},"loc":{"start":{"line":33,"column":45},"end":{"line":33,"column":null}},"line":33},"2":{"name":"(anonymous_2)","decl":{"start":{"line":34,"column":24},"end":{"line":34,"column":39}},"loc":{"start":{"line":34,"column":45},"end":{"line":34,"column":null}},"line":34},"3":{"name":"(anonymous_3)","decl":{"start":{"line":44,"column":24},"end":{"line":44,"column":39}},"loc":{"start":{"line":44,"column":45},"end":{"line":44,"column":null}},"line":44},"4":{"name":"(anonymous_4)","decl":{"start":{"line":45,"column":24},"end":{"line":45,"column":39}},"loc":{"start":{"line":45,"column":45},"end":{"line":45,"column":null}},"line":45}},"branchMap":{},"s":{"0":2,"1":2,"2":1,"3":1,"4":1,"5":1},"f":{"0":2,"1":1,"2":1,"3":1,"4":1},"b":{},"meta":{"lastBranch":0,"lastFunction":5,"lastStatement":6,"seen":{"s:6:6:58:Infinity":0,"f:6:6:6:22":0,"s:7:4:56:Infinity":1,"f:33:24:33:39":1,"s:33:45:33:Infinity":2,"f:34:24:34:39":2,"s:34:45:34:Infinity":3,"f:44:24:44:39":3,"s:44:45:44:Infinity":4,"f:45:24:45:39":4,"s:45:45:45:Infinity":5},"fnNames":{}}}
,"C:\\Users\\Martin Delory\\Documents\\work\\cv-website\\src\\components\\Experience.jsx": {"path":"C:\\Users\\Martin Delory\\Documents\\work\\cv-website\\src\\components\\Experience.jsx","statementMap":{"0":{"start":{"line":7,"column":6},"end":{"line":57,"column":null}},"1":{"start":{"line":8,"column":21},"end":{"line":8,"column":null}},"2":{"start":{"line":9,"column":23},"end":{"line":9,"column":null}},"3":{"start":{"line":10,"column":25},"end":{"line":10,"column":null}},"4":{"start":{"line":12,"column":4},"end":{"line":55,"column":null}},"5":{"start":{"line":59,"column":6},"end":{"line":66,"column":null}},"6":{"start":{"line":60,"column":4},"end":{"line":66,"column":null}},"7":{"start":{"line":69,"column":6},"end":{"line":89,"column":null}},"8":{"start":{"line":70,"column":4},"end":{"line":89,"column":null}},"9":{"start":{"line":92,"column":6},"end":{"line":120,"column":null}},"10":{"start":{"line":93,"column":4},"end":{"line":120,"column":null}},"11":{"start":{"line":123,"column":6},"end":{"line":233,"column":null}},"12":{"start":{"line":125,"column":22},"end":{"line":125,"column":null}},"13":{"start":{"line":125,"column":46},"end":{"line":125,"column":67}},"14":{"start":{"line":126,"column":23},"end":{"line":126,"column":null}},"15":{"start":{"line":126,"column":47},"end":{"line":126,"column":82}},"16":{"start":{"line":127,"column":22},"end":{"line":127,"column":null}},"17":{"start":{"line":127,"column":46},"end":{"line":127,"column":99}},"18":{"start":{"line":129,"column":4},"end":{"line":231,"column":null}},"19":{"start":{"line":151,"column":32},"end":{"line":161,"column":null}},"20":{"start":{"line":168,"column":32},"end":{"line":178,"column":null}},"21":{"start":{"line":184,"column":28},"end":{"line":195,"column":null}},"22":{"start":{"line":206,"column":28},"end":{"line":212,"column":null}},"23":{"start":{"line":220,"column":28},"end":{"line":226,"column":null}}},"fnMap":{"0":{"name":"(anonymous_0)","decl":{"start":{"line":7,"column":6},"end":{"line":7,"column":24}},"loc":{"start":{"line":7,"column":110},"end":{"line":57,"column":null}},"line":7},"1":{"name":"(anonymous_1)","decl":{"start":{"line":59,"column":6},"end":{"line":59,"column":25}},"loc":{"start":{"line":60,"column":4},"end":{"line":66,"column":null}},"line":60},"2":{"name":"(anonymous_2)","decl":{"start":{"line":69,"column":6},"end":{"line":69,"column":23}},"loc":{"start":{"line":70,"column":4},"end":{"line":89,"column":null}},"line":70},"3":{"name":"(anonymous_3)","decl":{"start":{"line":92,"column":6},"end":{"line":92,"column":25}},"loc":{"start":{"line":93,"column":4},"end":{"line":120,"column":null}},"line":93},"4":{"name":"(anonymous_4)","decl":{"start":{"line":123,"column":6},"end":{"line":123,"column":25}},"loc":{"start":{"line":123,"column":25},"end":{"line":233,"column":null}},"line":123},"5":{"name":"(anonymous_5)","decl":{"start":{"line":125,"column":34},"end":{"line":125,"column":41}},"loc":{"start":{"line":125,"column":46},"end":{"line":125,"column":67}},"line":125},"6":{"name":"(anonymous_6)","decl":{"start":{"line":126,"column":35},"end":{"line":126,"column":42}},"loc":{"start":{"line":126,"column":47},"end":{"line":126,"column":82}},"line":126},"7":{"name":"(anonymous_7)","decl":{"start":{"line":127,"column":34},"end":{"line":127,"column":41}},"loc":{"start":{"line":127,"column":46},"end":{"line":127,"column":99}},"line":127},"8":{"name":"(anonymous_8)","decl":{"start":{"line":150,"column":39},"end":{"line":150,"column":44}},"loc":{"start":{"line":151,"column":32},"end":{"line":161,"column":null}},"line":151},"9":{"name":"(anonymous_9)","decl":{"start":{"line":167,"column":40},"end":{"line":167,"column":45}},"loc":{"start":{"line":168,"column":32},"end":{"line":178,"column":null}},"line":168},"10":{"name":"(anonymous_10)","decl":{"start":{"line":183,"column":35},"end":{"line":183,"column":40}},"loc":{"start":{"line":184,"column":28},"end":{"line":195,"column":null}},"line":184},"11":{"name":"(anonymous_11)","decl":{"start":{"line":205,"column":35},"end":{"line":205,"column":40}},"loc":{"start":{"line":206,"column":28},"end":{"line":212,"column":null}},"line":206},"12":{"name":"(anonymous_12)","decl":{"start":{"line":219,"column":38},"end":{"line":219,"column":43}},"loc":{"start":{"line":220,"column":28},"end":{"line":226,"column":null}},"line":220}},"branchMap":{"0":{"loc":{"start":{"line":8,"column":50},"end":{"line":8,"column":71}},"type":"binary-expr","locations":[{"start":{"line":8,"column":50},"end":{"line":8,"column":61}},{"start":{"line":8,"column":61},"end":{"line":8,"column":71}}],"line":8},"1":{"loc":{"start":{"line":9,"column":23},"end":{"line":9,"column":null}},"type":"cond-expr","locations":[{"start":{"line":9,"column":33},"end":{"line":9,"column":118}},{"start":{"line":9,"column":118},"end":{"line":9,"column":null}}],"line":9},"2":{"loc":{"start":{"line":16,"column":26},"end":{"line":16,"column":null}},"type":"cond-expr","locations":[{"start":{"line":16,"column":35},"end":{"line":16,"column":41}},{"start":{"line":16,"column":41},"end":{"line":16,"column":null}}],"line":16},"3":{"loc":{"start":{"line":31,"column":13},"end":{"line":33,"column":null}},"type":"binary-expr","locations":[{"start":{"line":31,"column":13},"end":{"line":31,"column":24}},{"start":{"line":31,"column":24},"end":{"line":33,"column":null}}],"line":31},"4":{"loc":{"start":{"line":34,"column":13},"end":{"line":36,"column":null}},"type":"binary-expr","locations":[{"start":{"line":34,"column":13},"end":{"line":34,"column":23}},{"start":{"line":34,"column":23},"end":{"line":36,"column":null}}],"line":34},"5":{"loc":{"start":{"line":49,"column":72},"end":{"line":49,"column":102}},"type":"cond-expr","locations":[{"start":{"line":49,"column":87},"end":{"line":49,"column":98}},{"start":{"line":49,"column":98},"end":{"line":49,"column":102}}],"line":49},"6":{"loc":{"start":{"line":50,"column":13},"end":{"line":53,"column":null}},"type":"binary-expr","locations":[{"start":{"line":50,"column":13},"end":{"line":50,"column":null}},{"start":{"line":51,"column":16},"end":{"line":53,"column":null}}],"line":50},"7":{"loc":{"start":{"line":88,"column":9},"end":{"line":88,"column":null}},"type":"binary-expr","locations":[{"start":{"line":88,"column":9},"end":{"line":88,"column":24}},{"start":{"line":88,"column":24},"end":{"line":88,"column":null}}],"line":88},"8":{"loc":{"start":{"line":105,"column":13},"end":{"line":117,"column":null}},"type":"binary-expr","locations":[{"start":{"line":105,"column":13},"end":{"line":105,"column":null}},{"start":{"line":106,"column":16},"end":{"line":117,"column":null}}],"line":105},"9":{"loc":{"start":{"line":119,"column":9},"end":{"line":119,"column":null}},"type":"binary-expr","locations":[{"start":{"line":119,"column":9},"end":{"line":119,"column":24}},{"start":{"line":119,"column":24},"end":{"line":119,"column":null}}],"line":119}},"s":{"0":2,"1":18,"2":18,"3":18,"4":18,"5":2,"6":12,"7":2,"8":9,"9":2,"10":12,"11":2,"12":3,"13":18,"14":3,"15":18,"16":3,"17":18,"18":3,"19":6,"20":6,"21":6,"22":9,"23":12},"f":{"0":18,"1":12,"2":9,"3":12,"4":3,"5":18,"6":18,"7":18,"8":6,"9":6,"10":6,"11":9,"12":12},"b":{"0":[18,3],"1":[15,3],"2":[12,6],"3":[18,18],"4":[18,12],"5":[18,0],"6":[18,18],"7":[9,9],"8":[12,3],"9":[12,12]},"meta":{"lastBranch":10,"lastFunction":13,"lastStatement":24,"seen":{"s:7:6:57:Infinity":0,"f:7:6:7:24":0,"s:8:21:8:Infinity":1,"b:8:50:8:61:8:61:8:71":0,"s:9:23:9:Infinity":2,"b:9:33:9:118:9:118:9:Infinity":1,"s:10:25:10:Infinity":3,"s:12:4:55:Infinity":4,"b:16:35:16:41:16:41:16:Infinity":2,"b:31:13:31:24:31:24:33:Infinity":3,"b:34:13:34:23:34:23:36:Infinity":4,"b:49:87:49:98:49:98:49:102":5,"b:50:13:50:Infinity:51:16:53:Infinity":6,"s:59:6:66:Infinity":5,"f:59:6:59:25":1,"s:60:4:66:Infinity":6,"s:69:6:89:Infinity":7,"f:69:6:69:23":2,"s:70:4:89:Infinity":8,"b:88:9:88:24:88:24:88:Infinity":7,"s:92:6:120:Infinity":9,"f:92:6:92:25":3,"s:93:4:120:Infinity":10,"b:105:13:105:Infinity:106:16:117:Infinity":8,"b:119:9:119:24:119:24:119:Infinity":9,"s:123:6:233:Infinity":11,"f:123:6:123:25":4,"s:125:22:125:Infinity":12,"f:125:34:125:41":5,"s:125:46:125:67":13,"s:126:23:126:Infinity":14,"f:126:35:126:42":6,"s:126:47:126:82":15,"s:127:22:127:Infinity":16,"f:127:34:127:41":7,"s:127:46:127:99":17,"s:129:4:231:Infinity":18,"f:150:39:150:44":8,"s:151:32:161:Infinity":19,"f:167:40:167:45":9,"s:168:32:178:Infinity":20,"f:183:35:183:40":10,"s:184:28:195:Infinity":21,"f:205:35:205:40":11,"s:206:28:212:Infinity":22,"f:219:38:219:43":12,"s:220:28:226:Infinity":23},"fnNames":{}}}
,"C:\\Users\\Martin Delory\\Documents\\work\\cv-website\\src\\components\\Hero.jsx": {"path":"C:\\Users\\Martin Delory\\Documents\\work\\cv-website\\src\\components\\Hero.jsx","statementMap":{"0":{"start":{"line":6,"column":6},"end":{"line":193,"column":null}},"1":{"start":{"line":7,"column":4},"end":{"line":191,"column":null}}},"fnMap":{"0":{"name":"(anonymous_0)","decl":{"start":{"line":6,"column":6},"end":{"line":6,"column":19}},"loc":{"start":{"line":6,"column":19},"end":{"line":193,"column":null}},"line":6}},"branchMap":{},"s":{"0":2,"1":2},"f":{"0":2},"b":{},"meta":{"lastBranch":0,"lastFunction":1,"lastStatement":2,"seen":{"s:6:6:193:Infinity":0,"f:6:6:6:19":0,"s:7:4:191:Infinity":1},"fnNames":{}}}
,"C:\\Users\\Martin Delory\\Documents\\work\\cv-website\\src\\components\\Navbar.jsx": {"path":"C:\\Users\\Martin Delory\\Documents\\work\\cv-website\\src\\components\\Navbar.jsx","statementMap":{"0":{"start":{"line":5,"column":18},"end":{"line":11,"column":null}},"1":{"start":{"line":13,"column":6},"end":{"line":168,"column":null}},"2":{"start":{"line":14,"column":36},"end":{"line":14,"column":null}},"3":{"start":{"line":15,"column":52},"end":{"line":15,"column":null}},"4":{"start":{"line":16,"column":46},"end":{"line":16,"column":null}},"5":{"start":{"line":19,"column":4},"end":{"line":31,"column":null}},"6":{"start":{"line":20,"column":14},"end":{"line":26,"column":null}},"7":{"start":{"line":21,"column":12},"end":{"line":25,"column":null}},"8":{"start":{"line":22,"column":16},"end":{"line":22,"column":null}},"9":{"start":{"line":24,"column":16},"end":{"line":24,"column":null}},"10":{"start":{"line":28,"column":8},"end":{"line":28,"column":null}},"11":{"start":{"line":29,"column":8},"end":{"line":29,"column":null}},"12":{"start":{"line":30,"column":8},"end":{"line":30,"column":null}},"13":{"start":{"line":30,"column":21},"end":{"line":30,"column":null}},"14":{"start":{"line":34,"column":4},"end":{"line":57,"column":null}},"15":{"start":{"line":35,"column":32},"end":{"line":39,"column":null}},"16":{"start":{"line":41,"column":14},"end":{"line":47,"column":null}},"17":{"start":{"line":42,"column":12},"end":{"line":46,"column":null}},"18":{"start":{"line":43,"column":16},"end":{"line":45,"column":null}},"19":{"start":{"line":44,"column":20},"end":{"line":44,"column":null}},"20":{"start":{"line":49,"column":25},"end":{"line":49,"column":null}},"21":{"start":{"line":50,"column":32},"end":{"line":50,"column":null}},"22":{"start":{"line":50,"column":54},"end":{"line":50,"column":86}},"23":{"start":{"line":52,"column":8},"end":{"line":52,"column":null}},"24":{"start":{"line":52,"column":38},"end":{"line":52,"column":58}},"25":{"start":{"line":54,"column":8},"end":{"line":56,"column":null}},"26":{"start":{"line":55,"column":12},"end":{"line":55,"column":null}},"27":{"start":{"line":55,"column":42},"end":{"line":55,"column":64}},"28":{"start":{"line":60,"column":4},"end":{"line":69,"column":null}},"29":{"start":{"line":61,"column":8},"end":{"line":65,"column":null}},"30":{"start":{"line":62,"column":12},"end":{"line":62,"column":null}},"31":{"start":{"line":64,"column":12},"end":{"line":64,"column":null}},"32":{"start":{"line":66,"column":8},"end":{"line":68,"column":null}},"33":{"start":{"line":67,"column":12},"end":{"line":67,"column":null}},"34":{"start":{"line":72,"column":4},"end":{"line":91,"column":null}},"35":{"start":{"line":73,"column":14},"end":{"line":77,"column":null}},"36":{"start":{"line":74,"column":12},"end":{"line":76,"column":null}},"37":{"start":{"line":75,"column":16},"end":{"line":75,"column":null}},"38":{"start":{"line":79,"column":14},"end":{"line":83,"column":null}},"39":{"start":{"line":80,"column":12},"end":{"line":82,"column":null}},"40":{"start":{"line":81,"column":16},"end":{"line":81,"column":null}},"41":{"start":{"line":85,"column":8},"end":{"line":85,"column":null}},"42":{"start":{"line":86,"column":8},"end":{"line":86,"column":null}},"43":{"start":{"line":87,"column":8},"end":{"line":90,"column":null}},"44":{"start":{"line":88,"column":12},"end":{"line":88,"column":null}},"45":{"start":{"line":89,"column":12},"end":{"line":89,"column":null}},"46":{"start":{"line":93,"column":4},"end":{"line":166,"column":null}},"47":{"start":{"line":96,"column":68},"end":{"line":96,"column":96}},"48":{"start":{"line":104,"column":45},"end":{"line":104,"column":null}},"49":{"start":{"line":105,"column":28},"end":{"line":114,"column":null}},"50":{"start":{"line":124,"column":35},"end":{"line":124,"column":null}},"51":{"start":{"line":136,"column":20},"end":{"line":136,"column":null}},"52":{"start":{"line":136,"column":54},"end":{"line":136,"column":null}},"53":{"start":{"line":142,"column":45},"end":{"line":142,"column":null}},"54":{"start":{"line":143,"column":28},"end":{"line":157,"column":null}},"55":{"start":{"line":152,"column":55},"end":{"line":152,"column":null}}},"fnMap":{"0":{"name":"(anonymous_0)","decl":{"start":{"line":13,"column":6},"end":{"line":13,"column":21}},"loc":{"start":{"line":13,"column":21},"end":{"line":168,"column":null}},"line":13},"1":{"name":"(anonymous_1)","decl":{"start":{"line":19,"column":4},"end":{"line":19,"column":20}},"loc":{"start":{"line":19,"column":20},"end":{"line":31,"column":7}},"line":19},"2":{"name":"(anonymous_2)","decl":{"start":{"line":20,"column":14},"end":{"line":20,"column":35}},"loc":{"start":{"line":20,"column":35},"end":{"line":26,"column":null}},"line":20},"3":{"name":"(anonymous_3)","decl":{"start":{"line":30,"column":8},"end":{"line":30,"column":21}},"loc":{"start":{"line":30,"column":21},"end":{"line":30,"column":null}},"line":30},"4":{"name":"(anonymous_4)","decl":{"start":{"line":34,"column":4},"end":{"line":34,"column":20}},"loc":{"start":{"line":34,"column":20},"end":{"line":57,"column":7}},"line":34},"5":{"name":"(anonymous_5)","decl":{"start":{"line":41,"column":14},"end":{"line":41,"column":33}},"loc":{"start":{"line":41,"column":45},"end":{"line":47,"column":null}},"line":41},"6":{"name":"(anonymous_6)","decl":{"start":{"line":42,"column":20},"end":{"line":42,"column":29}},"loc":{"start":{"line":42,"column":39},"end":{"line":46,"column":13}},"line":42},"7":{"name":"(anonymous_7)","decl":{"start":{"line":50,"column":42},"end":{"line":50,"column":46}},"loc":{"start":{"line":50,"column":54},"end":{"line":50,"column":86}},"line":50},"8":{"name":"(anonymous_8)","decl":{"start":{"line":52,"column":24},"end":{"line":52,"column":32}},"loc":{"start":{"line":52,"column":38},"end":{"line":52,"column":58}},"line":52},"9":{"name":"(anonymous_9)","decl":{"start":{"line":54,"column":8},"end":{"line":54,"column":21}},"loc":{"start":{"line":54,"column":21},"end":{"line":56,"column":null}},"line":54},"10":{"name":"(anonymous_10)","decl":{"start":{"line":55,"column":28},"end":{"line":55,"column":36}},"loc":{"start":{"line":55,"column":42},"end":{"line":55,"column":64}},"line":55},"11":{"name":"(anonymous_11)","decl":{"start":{"line":60,"column":4},"end":{"line":60,"column":20}},"loc":{"start":{"line":60,"column":20},"end":{"line":69,"column":7}},"line":60},"12":{"name":"(anonymous_12)","decl":{"start":{"line":66,"column":8},"end":{"line":66,"column":21}},"loc":{"start":{"line":66,"column":21},"end":{"line":68,"column":null}},"line":66},"13":{"name":"(anonymous_13)","decl":{"start":{"line":72,"column":4},"end":{"line":72,"column":20}},"loc":{"start":{"line":72,"column":20},"end":{"line":91,"column":7}},"line":72},"14":{"name":"(anonymous_14)","decl":{"start":{"line":73,"column":14},"end":{"line":73,"column":31}},"loc":{"start":{"line":73,"column":37},"end":{"line":77,"column":null}},"line":73},"15":{"name":"(anonymous_15)","decl":{"start":{"line":79,"column":14},"end":{"line":79,"column":35}},"loc":{"start":{"line":79,"column":35},"end":{"line":83,"column":null}},"line":79},"16":{"name":"(anonymous_16)","decl":{"start":{"line":87,"column":8},"end":{"line":87,"column":21}},"loc":{"start":{"line":87,"column":21},"end":{"line":90,"column":null}},"line":87},"17":{"name":"(anonymous_17)","decl":{"start":{"line":96,"column":53},"end":{"line":96,"column":68}},"loc":{"start":{"line":96,"column":68},"end":{"line":96,"column":96}},"line":96},"18":{"name":"(anonymous_18)","decl":{"start":{"line":103,"column":35},"end":{"line":103,"column":40}},"loc":{"start":{"line":103,"column":49},"end":{"line":116,"column":25}},"line":103},"19":{"name":"(anonymous_19)","decl":{"start":{"line":124,"column":20},"end":{"line":124,"column":35}},"loc":{"start":{"line":124,"column":35},"end":{"line":124,"column":null}},"line":124},"20":{"name":"(anonymous_20)","decl":{"start":{"line":135,"column":16},"end":{"line":135,"column":26}},"loc":{"start":{"line":135,"column":32},"end":{"line":137,"column":null}},"line":135},"21":{"name":"(anonymous_21)","decl":{"start":{"line":141,"column":35},"end":{"line":141,"column":40}},"loc":{"start":{"line":141,"column":56},"end":{"line":159,"column":25}},"line":141},"22":{"name":"(anonymous_22)","decl":{"start":{"line":152,"column":40},"end":{"line":152,"column":55}},"loc":{"start":{"line":152,"column":55},"end":{"line":152,"column":null}},"line":152}},"branchMap":{"0":{"loc":{"start":{"line":21,"column":12},"end":{"line":25,"column":null}},"type":"if","locations":[{"start":{"line":21,"column":12},"end":{"line":25,"column":null}},{"start":{"line":23,"column":19},"end":{"line":25,"column":null}}],"line":21},"1":{"loc":{"start":{"line":43,"column":16},"end":{"line":45,"column":null}},"type":"if","locations":[{"start":{"line":43,"column":16},"end":{"line":45,"column":null}},{"start":{},"end":{}}],"line":43},"2":{"loc":{"start":{"line":61,"column":8},"end":{"line":65,"column":null}},"type":"if","locations":[{"start":{"line":61,"column":8},"end":{"line":65,"column":null}},{"start":{"line":63,"column":15},"end":{"line":65,"column":null}}],"line":61},"3":{"loc":{"start":{"line":74,"column":12},"end":{"line":76,"column":null}},"type":"if","locations":[{"start":{"line":74,"column":12},"end":{"line":76,"column":null}},{"start":{},"end":{}}],"line":74},"4":{"loc":{"start":{"line":74,"column":16},"end":{"line":74,"column":56}},"type":"binary-expr","locations":[{"start":{"line":74,"column":16},"end":{"line":74,"column":38}},{"start":{"line":74,"column":38},"end":{"line":74,"column":56}}],"line":74},"5":{"loc":{"start":{"line":80,"column":12},"end":{"line":82,"column":null}},"type":"if","locations":[{"start":{"line":80,"column":12},"end":{"line":82,"column":null}},{"start":{},"end":{}}],"line":80},"6":{"loc":{"start":{"line":80,"column":16},"end":{"line":80,"column":61}},"type":"binary-expr","locations":[{"start":{"line":80,"column":16},"end":{"line":80,"column":43}},{"start":{"line":80,"column":43},"end":{"line":80,"column":61}}],"line":80},"7":{"loc":{"start":{"line":94,"column":37},"end":{"line":94,"column":null}},"type":"cond-expr","locations":[{"start":{"line":94,"column":48},"end":{"line":94,"column":68}},{"start":{"line":94,"column":68},"end":{"line":94,"column":null}}],"line":94},"8":{"loc":{"start":{"line":109,"column":63},"end":{"line":109,"column":null}},"type":"cond-expr","locations":[{"start":{"line":109,"column":74},"end":{"line":109,"column":85}},{"start":{"line":109,"column":85},"end":{"line":109,"column":null}}],"line":109},"9":{"loc":{"start":{"line":112,"column":41},"end":{"line":113,"column":null}},"type":"binary-expr","locations":[{"start":{"line":112,"column":41},"end":{"line":112,"column":53}},{"start":{"line":112,"column":53},"end":{"line":113,"column":null}}],"line":112},"10":{"loc":{"start":{"line":123,"column":49},"end":{"line":123,"column":null}},"type":"cond-expr","locations":[{"start":{"line":123,"column":68},"end":{"line":123,"column":77}},{"start":{"line":123,"column":77},"end":{"line":123,"column":null}}],"line":123},"11":{"loc":{"start":{"line":125,"column":32},"end":{"line":125,"column":null}},"type":"cond-expr","locations":[{"start":{"line":125,"column":51},"end":{"line":125,"column":70}},{"start":{"line":125,"column":70},"end":{"line":125,"column":null}}],"line":125},"12":{"loc":{"start":{"line":128,"column":21},"end":{"line":128,"column":null}},"type":"cond-expr","locations":[{"start":{"line":128,"column":40},"end":{"line":128,"column":59}},{"start":{"line":128,"column":58},"end":{"line":128,"column":null}}],"line":128},"13":{"loc":{"start":{"line":134,"column":50},"end":{"line":134,"column":null}},"type":"cond-expr","locations":[{"start":{"line":134,"column":69},"end":{"line":134,"column":78}},{"start":{"line":134,"column":78},"end":{"line":134,"column":null}}],"line":134},"14":{"loc":{"start":{"line":136,"column":20},"end":{"line":136,"column":null}},"type":"if","locations":[{"start":{"line":136,"column":20},"end":{"line":136,"column":null}},{"start":{},"end":{}}],"line":136},"15":{"loc":{"start":{"line":147,"column":56},"end":{"line":147,"column":null}},"type":"cond-expr","locations":[{"start":{"line":147,"column":75},"end":{"line":147,"column":102}},{"start":{"line":147,"column":102},"end":{"line":147,"column":null}}],"line":147},"16":{"loc":{"start":{"line":153,"column":70},"end":{"line":153,"column":null}},"type":"cond-expr","locations":[{"start":{"line":153,"column":81},"end":{"line":153,"column":92}},{"start":{"line":153,"column":92},"end":{"line":153,"column":null}}],"line":153},"17":{"loc":{"start":{"line":160,"column":72},"end":{"line":160,"column":105}},"type":"cond-expr","locations":[{"start":{"line":160,"column":91},"end":{"line":160,"column":100}},{"start":{"line":160,"column":100},"end":{"line":160,"column":105}}],"line":160}},"s":{"0":2,"1":2,"2":35,"3":35,"4":35,"5":35,"6":12,"7":14,"8":1,"9":13,"10":12,"11":12,"12":12,"13":12,"14":35,"15":12,"16":12,"17":2,"18":2,"19":1,"20":12,"21":12,"22":60,"23":12,"24":5,"25":12,"26":12,"27":5,"28":35,"29":25,"30":7,"31":18,"32":25,"33":25,"34":35,"35":25,"36":2,"37":1,"38":25,"39":2,"40":1,"41":25,"42":25,"43":25,"44":25,"45":25,"46":35,"47":1,"48":175,"49":175,"50":8,"51":2,"52":1,"53":175,"54":175,"55":1},"f":{"0":35,"1":12,"2":14,"3":12,"4":12,"5":2,"6":2,"7":60,"8":5,"9":12,"10":5,"11":25,"12":25,"13":25,"14":2,"15":2,"16":25,"17":1,"18":175,"19":8,"20":2,"21":175,"22":1},"b":{"0":[1,13],"1":[1,1],"2":[7,18],"3":[1,1],"4":[2,2],"5":[1,1],"6":[2,1],"7":[2,33],"8":[35,140],"9":[175,35],"10":[13,22],"11":[13,22],"12":[13,22],"13":[13,22],"14":[1,1],"15":[65,110],"16":[35,140],"17":[13,22]},"meta":{"lastBranch":18,"lastFunction":23,"lastStatement":56,"seen":{"s:5:18:11:Infinity":0,"s:13:6:168:Infinity":1,"f:13:6:13:21":0,"s:14:36:14:Infinity":2,"s:15:52:15:Infinity":3,"s:16:46:16:Infinity":4,"s:19:4:31:Infinity":5,"f:19:4:19:20":1,"s:20:14:26:Infinity":6,"f:20:14:20:35":2,"b:21:12:25:Infinity:23:19:25:Infinity":0,"s:21:12:25:Infinity":7,"s:22:16:22:Infinity":8,"s:24:16:24:Infinity":9,"s:28:8:28:Infinity":10,"s:29:8:29:Infinity":11,"s:30:8:30:Infinity":12,"f:30:8:30:21":3,"s:30:21:30:Infinity":13,"s:34:4:57:Infinity":14,"f:34:4:34:20":4,"s:35:32:39:Infinity":15,"s:41:14:47:Infinity":16,"f:41:14:41:33":5,"s:42:12:46:Infinity":17,"f:42:20:42:29":6,"b:43:16:45:Infinity:undefined:undefined:undefined:undefined":1,"s:43:16:45:Infinity":18,"s:44:20:44:Infinity":19,"s:49:25:49:Infinity":20,"s:50:32:50:Infinity":21,"f:50:42:50:46":7,"s:50:54:50:86":22,"s:52:8:52:Infinity":23,"f:52:24:52:32":8,"s:52:38:52:58":24,"s:54:8:56:Infinity":25,"f:54:8:54:21":9,"s:55:12:55:Infinity":26,"f:55:28:55:36":10,"s:55:42:55:64":27,"s:60:4:69:Infinity":28,"f:60:4:60:20":11,"b:61:8:65:Infinity:63:15:65:Infinity":2,"s:61:8:65:Infinity":29,"s:62:12:62:Infinity":30,"s:64:12:64:Infinity":31,"s:66:8:68:Infinity":32,"f:66:8:66:21":12,"s:67:12:67:Infinity":33,"s:72:4:91:Infinity":34,"f:72:4:72:20":13,"s:73:14:77:Infinity":35,"f:73:14:73:31":14,"b:74:12:76:Infinity:undefined:undefined:undefined:undefined":3,"s:74:12:76:Infinity":36,"b:74:16:74:38:74:38:74:56":4,"s:75:16:75:Infinity":37,"s:79:14:83:Infinity":38,"f:79:14:79:35":15,"b:80:12:82:Infinity:undefined:undefined:undefined:undefined":5,"s:80:12:82:Infinity":39,"b:80:16:80:43:80:43:80:61":6,"s:81:16:81:Infinity":40,"s:85:8:85:Infinity":41,"s:86:8:86:Infinity":42,"s:87:8:90:Infinity":43,"f:87:8:87:21":16,"s:88:12:88:Infinity":44,"s:89:12:89:Infinity":45,"s:93:4:166:Infinity":46,"b:94:48:94:68:94:68:94:Infinity":7,"f:96:53:96:68":17,"s:96:68:96:96":47,"f:103:35:103:40":18,"s:104:45:104:Infinity":48,"s:105:28:114:Infinity":49,"b:109:74:109:85:109:85:109:Infinity":8,"b:112:41:112:53:112:53:113:Infinity":9,"b:123:68:123:77:123:77:123:Infinity":10,"f:124:20:124:35":19,"s:124:35:124:Infinity":50,"b:125:51:125:70:125:70:125:Infinity":11,"b:128:40:128:59:128:58:128:Infinity":12,"b:134:69:134:78:134:78:134:Infinity":13,"f:135:16:135:26":20,"b:136:20:136:Infinity:undefined:undefined:undefined:undefined":14,"s:136:20:136:Infinity":51,"s:136:54:136:Infinity":52,"f:141:35:141:40":21,"s:142:45:142:Infinity":53,"s:143:28:157:Infinity":54,"b:147:75:147:102:147:102:147:Infinity":15,"f:152:40:152:55":22,"s:152:55:152:Infinity":55,"b:153:81:153:92:153:92:153:Infinity":16,"b:160:91:160:100:160:100:160:105":17},"fnNames":{}}}
,"C:\\Users\\Martin Delory\\Documents\\work\\cv-website\\src\\components\\PDFDownloadButton.jsx": {"path":"C:\\Users\\Martin Delory\\Documents\\work\\cv-website\\src\\components\\PDFDownloadButton.jsx","statementMap":{"0":{"start":{"line":6,"column":6},"end":{"line":171,"column":null}},"1":{"start":{"line":7,"column":34},"end":{"line":7,"column":null}},"2":{"start":{"line":9,"column":27},"end":{"line":116,"column":null}},"3":{"start":{"line":10,"column":8},"end":{"line":10,"column":null}},"4":{"start":{"line":10,"column":21},"end":{"line":10,"column":null}},"5":{"start":{"line":11,"column":8},"end":{"line":11,"column":null}},"6":{"start":{"line":13,"column":24},"end":{"line":13,"column":null}},"7":{"start":{"line":14,"column":8},"end":{"line":115,"column":null}},"8":{"start":{"line":15,"column":27},"end":{"line":15,"column":null}},"9":{"start":{"line":16,"column":12},"end":{"line":18,"column":null}},"10":{"start":{"line":17,"column":16},"end":{"line":17,"column":null}},"11":{"start":{"line":23,"column":12},"end":{"line":23,"column":null}},"12":{"start":{"line":24,"column":12},"end":{"line":24,"column":null}},"13":{"start":{"line":25,"column":12},"end":{"line":25,"column":null}},"14":{"start":{"line":26,"column":12},"end":{"line":26,"column":null}},"15":{"start":{"line":27,"column":12},"end":{"line":27,"column":null}},"16":{"start":{"line":28,"column":12},"end":{"line":28,"column":null}},"17":{"start":{"line":29,"column":12},"end":{"line":29,"column":null}},"18":{"start":{"line":30,"column":12},"end":{"line":30,"column":null}},"19":{"start":{"line":31,"column":12},"end":{"line":31,"column":null}},"20":{"start":{"line":34,"column":26},"end":{"line":34,"column":null}},"21":{"start":{"line":35,"column":12},"end":{"line":35,"column":null}},"22":{"start":{"line":36,"column":12},"end":{"line":36,"column":null}},"23":{"start":{"line":37,"column":12},"end":{"line":37,"column":null}},"24":{"start":{"line":38,"column":12},"end":{"line":38,"column":null}},"25":{"start":{"line":39,"column":12},"end":{"line":39,"column":null}},"26":{"start":{"line":40,"column":12},"end":{"line":40,"column":null}},"27":{"start":{"line":41,"column":12},"end":{"line":41,"column":null}},"28":{"start":{"line":42,"column":12},"end":{"line":42,"column":null}},"29":{"start":{"line":44,"column":12},"end":{"line":44,"column":null}},"30":{"start":{"line":45,"column":12},"end":{"line":45,"column":null}},"31":{"start":{"line":48,"column":27},"end":{"line":48,"column":null}},"32":{"start":{"line":49,"column":12},"end":{"line":57,"column":null}},"33":{"start":{"line":51,"column":20},"end":{"line":51,"column":null}},"34":{"start":{"line":51,"column":64},"end":{"line":51,"column":null}},"35":{"start":{"line":52,"column":20},"end":{"line":55,"column":null}},"36":{"start":{"line":53,"column":24},"end":{"line":53,"column":null}},"37":{"start":{"line":54,"column":24},"end":{"line":54,"column":null}},"38":{"start":{"line":60,"column":12},"end":{"line":60,"column":null}},"39":{"start":{"line":60,"column":37},"end":{"line":60,"column":55}},"40":{"start":{"line":63,"column":27},"end":{"line":70,"column":null}},"41":{"start":{"line":73,"column":12},"end":{"line":76,"column":null}},"42":{"start":{"line":74,"column":16},"end":{"line":74,"column":null}},"43":{"start":{"line":75,"column":16},"end":{"line":75,"column":null}},"44":{"start":{"line":79,"column":28},"end":{"line":79,"column":null}},"45":{"start":{"line":81,"column":24},"end":{"line":85,"column":null}},"46":{"start":{"line":87,"column":29},"end":{"line":87,"column":null}},"47":{"start":{"line":88,"column":30},"end":{"line":88,"column":null}},"48":{"start":{"line":90,"column":29},"end":{"line":90,"column":null}},"49":{"start":{"line":91,"column":31},"end":{"line":91,"column":null}},"50":{"start":{"line":94,"column":12},"end":{"line":102,"column":null}},"51":{"start":{"line":95,"column":16},"end":{"line":95,"column":null}},"52":{"start":{"line":98,"column":36},"end":{"line":98,"column":null}},"53":{"start":{"line":99,"column":33},"end":{"line":99,"column":null}},"54":{"start":{"line":100,"column":22},"end":{"line":100,"column":null}},"55":{"start":{"line":101,"column":16},"end":{"line":101,"column":null}},"56":{"start":{"line":105,"column":12},"end":{"line":105,"column":null}},"57":{"start":{"line":108,"column":12},"end":{"line":108,"column":null}},"58":{"start":{"line":109,"column":12},"end":{"line":109,"column":null}},"59":{"start":{"line":111,"column":12},"end":{"line":113,"column":null}},"60":{"start":{"line":112,"column":16},"end":{"line":112,"column":null}},"61":{"start":{"line":114,"column":12},"end":{"line":114,"column":null}},"62":{"start":{"line":118,"column":18},"end":{"line":118,"column":null}},"63":{"start":{"line":120,"column":4},"end":{"line":169,"column":null}},"64":{"start":{"line":146,"column":16},"end":{"line":149,"column":null}},"65":{"start":{"line":147,"column":20},"end":{"line":147,"column":null}},"66":{"start":{"line":148,"column":20},"end":{"line":148,"column":null}},"67":{"start":{"line":152,"column":16},"end":{"line":155,"column":null}},"68":{"start":{"line":153,"column":20},"end":{"line":153,"column":null}},"69":{"start":{"line":154,"column":20},"end":{"line":154,"column":null}}},"fnMap":{"0":{"name":"(anonymous_0)","decl":{"start":{"line":6,"column":6},"end":{"line":6,"column":27}},"loc":{"start":{"line":6,"column":83},"end":{"line":171,"column":null}},"line":6},"1":{"name":"(anonymous_1)","decl":{"start":{"line":9,"column":27},"end":{"line":9,"column":39}},"loc":{"start":{"line":9,"column":39},"end":{"line":116,"column":null}},"line":9},"2":{"name":"(anonymous_2)","decl":{"start":{"line":50,"column":23},"end":{"line":50,"column":28}},"loc":{"start":{"line":50,"column":36},"end":{"line":56,"column":17}},"line":50},"3":{"name":"(anonymous_3)","decl":{"start":{"line":52,"column":31},"end":{"line":52,"column":40}},"loc":{"start":{"line":52,"column":52},"end":{"line":55,"column":21}},"line":52},"4":{"name":"(anonymous_4)","decl":{"start":{"line":60,"column":22},"end":{"line":60,"column":31}},"loc":{"start":{"line":60,"column":37},"end":{"line":60,"column":55}},"line":60},"5":{"name":"(anonymous_5)","decl":{"start":{"line":145,"column":12},"end":{"line":145,"column":27}},"loc":{"start":{"line":145,"column":33},"end":{"line":150,"column":null}},"line":145},"6":{"name":"(anonymous_6)","decl":{"start":{"line":151,"column":12},"end":{"line":151,"column":27}},"loc":{"start":{"line":151,"column":33},"end":{"line":156,"column":null}},"line":151}},"branchMap":{"0":{"loc":{"start":{"line":6,"column":29},"end":{"line":6,"column":45}},"type":"default-arg","locations":[{"start":{"line":6,"column":41},"end":{"line":6,"column":45}}],"line":6},"1":{"loc":{"start":{"line":6,"column":45},"end":{"line":6,"column":57}},"type":"default-arg","locations":[{"start":{"line":6,"column":53},"end":{"line":6,"column":57}}],"line":6},"2":{"loc":{"start":{"line":6,"column":57},"end":{"line":6,"column":83}},"type":"default-arg","locations":[{"start":{"line":6,"column":67},"end":{"line":6,"column":83}}],"line":6},"3":{"loc":{"start":{"line":10,"column":8},"end":{"line":10,"column":null}},"type":"if","locations":[{"start":{"line":10,"column":8},"end":{"line":10,"column":null}},{"start":{},"end":{}}],"line":10},"4":{"loc":{"start":{"line":16,"column":12},"end":{"line":18,"column":null}},"type":"if","locations":[{"start":{"line":16,"column":12},"end":{"line":18,"column":null}},{"start":{},"end":{}}],"line":16},"5":{"loc":{"start":{"line":51,"column":20},"end":{"line":51,"column":null}},"type":"if","locations":[{"start":{"line":51,"column":20},"end":{"line":51,"column":null}},{"start":{},"end":{}}],"line":51},"6":{"loc":{"start":{"line":51,"column":24},"end":{"line":51,"column":64}},"type":"binary-expr","locations":[{"start":{"line":51,"column":24},"end":{"line":51,"column":40}},{"start":{"line":51,"column":40},"end":{"line":51,"column":64}}],"line":51},"7":{"loc":{"start":{"line":73,"column":12},"end":{"line":76,"column":null}},"type":"if","locations":[{"start":{"line":73,"column":12},"end":{"line":76,"column":null}},{"start":{},"end":{}}],"line":73},"8":{"loc":{"start":{"line":73,"column":16},"end":{"line":73,"column":51}},"type":"binary-expr","locations":[{"start":{"line":73,"column":16},"end":{"line":73,"column":29}},{"start":{"line":73,"column":29},"end":{"line":73,"column":51}}],"line":73},"9":{"loc":{"start":{"line":94,"column":12},"end":{"line":102,"column":null}},"type":"if","locations":[{"start":{"line":94,"column":12},"end":{"line":102,"column":null}},{"start":{"line":96,"column":19},"end":{"line":102,"column":null}}],"line":94},"10":{"loc":{"start":{"line":111,"column":12},"end":{"line":113,"column":null}},"type":"if","locations":[{"start":{"line":111,"column":12},"end":{"line":113,"column":null}},{"start":{},"end":{}}],"line":111},"11":{"loc":{"start":{"line":111,"column":16},"end":{"line":111,"column":51}},"type":"binary-expr","locations":[{"start":{"line":111,"column":16},"end":{"line":111,"column":29}},{"start":{"line":111,"column":29},"end":{"line":111,"column":51}}],"line":111},"12":{"loc":{"start":{"line":131,"column":25},"end":{"line":131,"column":null}},"type":"cond-expr","locations":[{"start":{"line":131,"column":33},"end":{"line":131,"column":50}},{"start":{"line":131,"column":50},"end":{"line":131,"column":null}}],"line":131},"13":{"loc":{"start":{"line":132,"column":26},"end":{"line":132,"column":null}},"type":"cond-expr","locations":[{"start":{"line":132,"column":34},"end":{"line":132,"column":46}},{"start":{"line":132,"column":46},"end":{"line":132,"column":null}}],"line":132},"14":{"loc":{"start":{"line":136,"column":33},"end":{"line":136,"column":null}},"type":"cond-expr","locations":[{"start":{"line":136,"column":41},"end":{"line":136,"column":70}},{"start":{"line":136,"column":70},"end":{"line":136,"column":null}}],"line":136},"15":{"loc":{"start":{"line":138,"column":24},"end":{"line":138,"column":null}},"type":"cond-expr","locations":[{"start":{"line":138,"column":34},"end":{"line":138,"column":43}},{"start":{"line":138,"column":43},"end":{"line":138,"column":null}}],"line":138},"16":{"loc":{"start":{"line":140,"column":27},"end":{"line":140,"column":null}},"type":"cond-expr","locations":[{"start":{"line":140,"column":35},"end":{"line":140,"column":44}},{"start":{"line":140,"column":44},"end":{"line":140,"column":null}}],"line":140},"17":{"loc":{"start":{"line":141,"column":25},"end":{"line":141,"column":null}},"type":"cond-expr","locations":[{"start":{"line":141,"column":35},"end":{"line":141,"column":41}},{"start":{"line":141,"column":41},"end":{"line":141,"column":null}}],"line":141},"18":{"loc":{"start":{"line":142,"column":28},"end":{"line":142,"column":null}},"type":"cond-expr","locations":[{"start":{"line":142,"column":36},"end":{"line":142,"column":45}},{"start":{"line":142,"column":45},"end":{"line":142,"column":null}}],"line":142},"19":{"loc":{"start":{"line":146,"column":16},"end":{"line":149,"column":null}},"type":"if","locations":[{"start":{"line":146,"column":16},"end":{"line":149,"column":null}},{"start":{},"end":{}}],"line":146},"20":{"loc":{"start":{"line":147,"column":60},"end":{"line":147,"column":null}},"type":"cond-expr","locations":[{"start":{"line":147,"column":68},"end":{"line":147,"column":93}},{"start":{"line":147,"column":93},"end":{"line":147,"column":null}}],"line":147},"21":{"loc":{"start":{"line":152,"column":16},"end":{"line":155,"column":null}},"type":"if","locations":[{"start":{"line":152,"column":16},"end":{"line":155,"column":null}},{"start":{},"end":{}}],"line":152},"22":{"loc":{"start":{"line":153,"column":60},"end":{"line":153,"column":null}},"type":"cond-expr","locations":[{"start":{"line":153,"column":68},"end":{"line":153,"column":97}},{"start":{"line":153,"column":97},"end":{"line":153,"column":null}}],"line":153},"23":{"loc":{"start":{"line":158,"column":13},"end":{"line":167,"column":null}},"type":"cond-expr","locations":[{"start":{"line":159,"column":16},"end":{"line":164,"column":null}},{"start":{"line":164,"column":16},"end":{"line":167,"column":null}}],"line":158},"24":{"loc":{"start":{"line":160,"column":35},"end":{"line":160,"column":52}},"type":"cond-expr","locations":[{"start":{"line":160,"column":43},"end":{"line":160,"column":48}},{"start":{"line":160,"column":48},"end":{"line":160,"column":52}}],"line":160},"25":{"loc":{"start":{"line":165,"column":36},"end":{"line":165,"column":54}},"type":"cond-expr","locations":[{"start":{"line":165,"column":44},"end":{"line":165,"column":49}},{"start":{"line":165,"column":49},"end":{"line":165,"column":54}}],"line":165}},"s":{"0":4,"1":76,"2":76,"3":5,"4":0,"5":5,"6":5,"7":5,"8":5,"9":5,"10":1,"11":4,"12":4,"13":4,"14":4,"15":4,"16":4,"17":4,"18":4,"19":4,"20":4,"21":4,"22":4,"23":4,"24":4,"25":4,"26":4,"27":4,"28":4,"29":4,"30":4,"31":4,"32":4,"33":1,"34":0,"35":1,"36":1,"37":1,"38":4,"39":4,"40":4,"41":4,"42":4,"43":4,"44":4,"45":4,"46":4,"47":4,"48":4,"49":4,"50":4,"51":0,"52":4,"53":4,"54":4,"55":4,"56":4,"57":1,"58":1,"59":5,"60":0,"61":5,"62":76,"63":76,"64":2,"65":2,"66":2,"67":2,"68":2,"69":2},"f":{"0":76,"1":5,"2":1,"3":1,"4":4,"5":2,"6":2},"b":{"0":[76],"1":[76],"2":[76],"3":[0,5],"4":[1,4],"5":[0,1],"6":[1,0],"7":[4,0],"8":[4,4],"9":[0,4],"10":[0,5],"11":[5,0],"12":[30,46],"13":[30,46],"14":[30,46],"15":[4,72],"16":[30,46],"17":[4,72],"18":[30,46],"19":[2,0],"20":[1,1],"21":[2,0],"22":[1,1],"23":[4,72],"24":[0,4],"25":[30,42]},"meta":{"lastBranch":26,"lastFunction":7,"lastStatement":70,"seen":{"s:6:6:171:Infinity":0,"f:6:6:6:27":0,"b:6:41:6:45":0,"b:6:53:6:57":1,"b:6:67:6:83":2,"s:7:34:7:Infinity":1,"s:9:27:116:Infinity":2,"f:9:27:9:39":1,"b:10:8:10:Infinity:undefined:undefined:undefined:undefined":3,"s:10:8:10:Infinity":3,"s:10:21:10:Infinity":4,"s:11:8:11:Infinity":5,"s:13:24:13:Infinity":6,"s:14:8:115:Infinity":7,"s:15:27:15:Infinity":8,"b:16:12:18:Infinity:undefined:undefined:undefined:undefined":4,"s:16:12:18:Infinity":9,"s:17:16:17:Infinity":10,"s:23:12:23:Infinity":11,"s:24:12:24:Infinity":12,"s:25:12:25:Infinity":13,"s:26:12:26:Infinity":14,"s:27:12:27:Infinity":15,"s:28:12:28:Infinity":16,"s:29:12:29:Infinity":17,"s:30:12:30:Infinity":18,"s:31:12:31:Infinity":19,"s:34:26:34:Infinity":20,"s:35:12:35:Infinity":21,"s:36:12:36:Infinity":22,"s:37:12:37:Infinity":23,"s:38:12:38:Infinity":24,"s:39:12:39:Infinity":25,"s:40:12:40:Infinity":26,"s:41:12:41:Infinity":27,"s:42:12:42:Infinity":28,"s:44:12:44:Infinity":29,"s:45:12:45:Infinity":30,"s:48:27:48:Infinity":31,"s:49:12:57:Infinity":32,"f:50:23:50:28":2,"b:51:20:51:Infinity:undefined:undefined:undefined:undefined":5,"s:51:20:51:Infinity":33,"b:51:24:51:40:51:40:51:64":6,"s:51:64:51:Infinity":34,"s:52:20:55:Infinity":35,"f:52:31:52:40":3,"s:53:24:53:Infinity":36,"s:54:24:54:Infinity":37,"s:60:12:60:Infinity":38,"f:60:22:60:31":4,"s:60:37:60:55":39,"s:63:27:70:Infinity":40,"b:73:12:76:Infinity:undefined:undefined:undefined:undefined":7,"s:73:12:76:Infinity":41,"b:73:16:73:29:73:29:73:51":8,"s:74:16:74:Infinity":42,"s:75:16:75:Infinity":43,"s:79:28:79:Infinity":44,"s:81:24:85:Infinity":45,"s:87:29:87:Infinity":46,"s:88:30:88:Infinity":47,"s:90:29:90:Infinity":48,"s:91:31:91:Infinity":49,"b:94:12:102:Infinity:96:19:102:Infinity":9,"s:94:12:102:Infinity":50,"s:95:16:95:Infinity":51,"s:98:36:98:Infinity":52,"s:99:33:99:Infinity":53,"s:100:22:100:Infinity":54,"s:101:16:101:Infinity":55,"s:105:12:105:Infinity":56,"s:108:12:108:Infinity":57,"s:109:12:109:Infinity":58,"b:111:12:113:Infinity:undefined:undefined:undefined:undefined":10,"s:111:12:113:Infinity":59,"b:111:16:111:29:111:29:111:51":11,"s:112:16:112:Infinity":60,"s:114:12:114:Infinity":61,"s:118:18:118:Infinity":62,"s:120:4:169:Infinity":63,"b:131:33:131:50:131:50:131:Infinity":12,"b:132:34:132:46:132:46:132:Infinity":13,"b:136:41:136:70:136:70:136:Infinity":14,"b:138:34:138:43:138:43:138:Infinity":15,"b:140:35:140:44:140:44:140:Infinity":16,"b:141:35:141:41:141:41:141:Infinity":17,"b:142:36:142:45:142:45:142:Infinity":18,"f:145:12:145:27":5,"b:146:16:149:Infinity:undefined:undefined:undefined:undefined":19,"s:146:16:149:Infinity":64,"s:147:20:147:Infinity":65,"b:147:68:147:93:147:93:147:Infinity":20,"s:148:20:148:Infinity":66,"f:151:12:151:27":6,"b:152:16:155:Infinity:undefined:undefined:undefined:undefined":21,"s:152:16:155:Infinity":67,"s:153:20:153:Infinity":68,"b:153:68:153:97:153:97:153:Infinity":22,"s:154:20:154:Infinity":69,"b:159:16:164:Infinity:164:16:167:Infinity":23,"b:160:43:160:48:160:48:160:52":24,"b:165:44:165:49:165:49:165:54":25},"fnNames":{}}}
,"C:\\Users\\Martin Delory\\Documents\\work\\cv-website\\src\\components\\PDFTemplate.jsx": {"path":"C:\\Users\\Martin Delory\\Documents\\work\\cv-website\\src\\components\\PDFTemplate.jsx","statementMap":{"0":{"start":{"line":12,"column":6},"end":{"line":236,"column":null}},"1":{"start":{"line":13,"column":16},"end":{"line":13,"column":23}},"2":{"start":{"line":16,"column":14},"end":{"line":26,"column":null}},"3":{"start":{"line":28,"column":14},"end":{"line":39,"column":null}},"4":{"start":{"line":42,"column":28},"end":{"line":42,"column":null}},"5":{"start":{"line":42,"column":52},"end":{"line":42,"column":112}},"6":{"start":{"line":43,"column":29},"end":{"line":43,"column":null}},"7":{"start":{"line":43,"column":53},"end":{"line":43,"column":106}},"8":{"start":{"line":45,"column":4},"end":{"line":234,"column":null}},"9":{"start":{"line":122,"column":24},"end":{"line":129,"column":null}},"10":{"start":{"line":126,"column":36},"end":{"line":126,"column":null}},"11":{"start":{"line":139,"column":37},"end":{"line":139,"column":null}},"12":{"start":{"line":140,"column":37},"end":{"line":140,"column":null}},"13":{"start":{"line":141,"column":35},"end":{"line":141,"column":null}},"14":{"start":{"line":142,"column":36},"end":{"line":142,"column":null}},"15":{"start":{"line":144,"column":20},"end":{"line":158,"column":null}},"16":{"start":{"line":155,"column":36},"end":{"line":155,"column":null}},"17":{"start":{"line":166,"column":45},"end":{"line":166,"column":null}},"18":{"start":{"line":167,"column":28},"end":{"line":174,"column":null}},"19":{"start":{"line":186,"column":24},"end":{"line":191,"column":null}},"20":{"start":{"line":202,"column":28},"end":{"line":213,"column":null}},"21":{"start":{"line":225,"column":28},"end":{"line":228,"column":null}}},"fnMap":{"0":{"name":"(anonymous_0)","decl":{"start":{"line":12,"column":6},"end":{"line":12,"column":26}},"loc":{"start":{"line":12,"column":26},"end":{"line":236,"column":null}},"line":12},"1":{"name":"(anonymous_1)","decl":{"start":{"line":42,"column":40},"end":{"line":42,"column":47}},"loc":{"start":{"line":42,"column":52},"end":{"line":42,"column":112}},"line":42},"2":{"name":"(anonymous_2)","decl":{"start":{"line":43,"column":41},"end":{"line":43,"column":48}},"loc":{"start":{"line":43,"column":53},"end":{"line":43,"column":106}},"line":43},"3":{"name":"(anonymous_3)","decl":{"start":{"line":121,"column":37},"end":{"line":121,"column":42}},"loc":{"start":{"line":122,"column":24},"end":{"line":129,"column":null}},"line":122},"4":{"name":"(anonymous_4)","decl":{"start":{"line":125,"column":44},"end":{"line":125,"column":49}},"loc":{"start":{"line":126,"column":36},"end":{"line":126,"column":null}},"line":126},"5":{"name":"(anonymous_5)","decl":{"start":{"line":138,"column":33},"end":{"line":138,"column":38}},"loc":{"start":{"line":138,"column":46},"end":{"line":160,"column":17}},"line":138},"6":{"name":"(anonymous_6)","decl":{"start":{"line":154,"column":45},"end":{"line":154,"column":50}},"loc":{"start":{"line":155,"column":36},"end":{"line":155,"column":null}},"line":155},"7":{"name":"(anonymous_7)","decl":{"start":{"line":165,"column":42},"end":{"line":165,"column":47}},"loc":{"start":{"line":165,"column":55},"end":{"line":176,"column":25}},"line":165},"8":{"name":"(anonymous_8)","decl":{"start":{"line":185,"column":31},"end":{"line":185,"column":36}},"loc":{"start":{"line":186,"column":24},"end":{"line":191,"column":null}},"line":186},"9":{"name":"(anonymous_9)","decl":{"start":{"line":201,"column":38},"end":{"line":201,"column":43}},"loc":{"start":{"line":202,"column":28},"end":{"line":213,"column":null}},"line":202},"10":{"name":"(anonymous_10)","decl":{"start":{"line":224,"column":33},"end":{"line":224,"column":38}},"loc":{"start":{"line":225,"column":28},"end":{"line":228,"column":null}},"line":225}},"branchMap":{"0":{"loc":{"start":{"line":42,"column":52},"end":{"line":42,"column":112}},"type":"binary-expr","locations":[{"start":{"line":42,"column":52},"end":{"line":42,"column":77}},{"start":{"line":42,"column":77},"end":{"line":42,"column":112}}],"line":42},"1":{"loc":{"start":{"line":139,"column":70},"end":{"line":139,"column":95}},"type":"binary-expr","locations":[{"start":{"line":139,"column":70},"end":{"line":139,"column":85}},{"start":{"line":139,"column":85},"end":{"line":139,"column":95}}],"line":139},"2":{"loc":{"start":{"line":141,"column":35},"end":{"line":141,"column":null}},"type":"cond-expr","locations":[{"start":{"line":141,"column":49},"end":{"line":141,"column":138}},{"start":{"line":141,"column":138},"end":{"line":141,"column":null}}],"line":141},"3":{"loc":{"start":{"line":142,"column":36},"end":{"line":142,"column":null}},"type":"cond-expr","locations":[{"start":{"line":142,"column":49},"end":{"line":142,"column":101}},{"start":{"line":142,"column":101},"end":{"line":142,"column":null}}],"line":142},"4":{"loc":{"start":{"line":163,"column":17},"end":{"line":177,"column":null}},"type":"binary-expr","locations":[{"start":{"line":163,"column":17},"end":{"line":163,"column":null}},{"start":{"line":164,"column":20},"end":{"line":177,"column":null}}],"line":163},"5":{"loc":{"start":{"line":197,"column":13},"end":{"line":216,"column":null}},"type":"binary-expr","locations":[{"start":{"line":197,"column":13},"end":{"line":197,"column":29}},{"start":{"line":197,"column":29},"end":{"line":197,"column":null}},{"start":{"line":198,"column":16},"end":{"line":216,"column":null}}],"line":197},"6":{"loc":{"start":{"line":205,"column":37},"end":{"line":210,"column":null}},"type":"binary-expr","locations":[{"start":{"line":205,"column":37},"end":{"line":205,"column":null}},{"start":{"line":206,"column":40},"end":{"line":210,"column":null}}],"line":205},"7":{"loc":{"start":{"line":220,"column":13},"end":{"line":231,"column":null}},"type":"binary-expr","locations":[{"start":{"line":220,"column":13},"end":{"line":220,"column":24}},{"start":{"line":220,"column":24},"end":{"line":220,"column":null}},{"start":{"line":221,"column":16},"end":{"line":231,"column":null}}],"line":220}},"s":{"0":3,"1":6,"2":6,"3":6,"4":6,"5":31,"6":6,"7":31,"8":6,"9":16,"10":76,"11":20,"12":20,"13":20,"14":20,"15":20,"16":65,"17":11,"18":11,"19":16,"20":20,"21":16},"f":{"0":6,"1":31,"2":31,"3":16,"4":76,"5":20,"6":65,"7":11,"8":16,"9":20,"10":16},"b":{"0":[31,21],"1":[20,5],"2":[15,5],"3":[20,0],"4":[6,6],"5":[6,6,5],"6":[20,5],"7":[6,6,6]},"meta":{"lastBranch":8,"lastFunction":11,"lastStatement":22,"seen":{"s:12:6:236:Infinity":0,"f:12:6:12:26":0,"s:13:16:13:23":1,"s:16:14:26:Infinity":2,"s:28:14:39:Infinity":3,"s:42:28:42:Infinity":4,"f:42:40:42:47":1,"s:42:52:42:112":5,"b:42:52:42:77:42:77:42:112":0,"s:43:29:43:Infinity":6,"f:43:41:43:48":2,"s:43:53:43:106":7,"s:45:4:234:Infinity":8,"f:121:37:121:42":3,"s:122:24:129:Infinity":9,"f:125:44:125:49":4,"s:126:36:126:Infinity":10,"f:138:33:138:38":5,"s:139:37:139:Infinity":11,"b:139:70:139:85:139:85:139:95":1,"s:140:37:140:Infinity":12,"s:141:35:141:Infinity":13,"b:141:49:141:138:141:138:141:Infinity":2,"s:142:36:142:Infinity":14,"b:142:49:142:101:142:101:142:Infinity":3,"s:144:20:158:Infinity":15,"f:154:45:154:50":6,"s:155:36:155:Infinity":16,"b:163:17:163:Infinity:164:20:177:Infinity":4,"f:165:42:165:47":7,"s:166:45:166:Infinity":17,"s:167:28:174:Infinity":18,"f:185:31:185:36":8,"s:186:24:191:Infinity":19,"b:197:13:197:29:197:29:197:Infinity:198:16:216:Infinity":5,"f:201:38:201:43":9,"s:202:28:213:Infinity":20,"b:205:37:205:Infinity:206:40:210:Infinity":6,"b:220:13:220:24:220:24:220:Infinity:221:16:231:Infinity":7,"f:224:33:224:38":10,"s:225:28:228:Infinity":21},"fnNames":{}}}
,"C:\\Users\\Martin Delory\\Documents\\work\\cv-website\\src\\components\\ParticleBackground.jsx": {"path":"C:\\Users\\Martin Delory\\Documents\\work\\cv-website\\src\\components\\ParticleBackground.jsx","statementMap":{"0":{"start":{"line":3,"column":6},"end":{"line":92,"column":null}},"1":{"start":{"line":4,"column":22},"end":{"line":4,"column":null}},"2":{"start":{"line":6,"column":4},"end":{"line":76,"column":null}},"3":{"start":{"line":7,"column":23},"end":{"line":7,"column":null}},"4":{"start":{"line":8,"column":20},"end":{"line":8,"column":null}},"5":{"start":{"line":10,"column":24},"end":{"line":10,"column":null}},"6":{"start":{"line":12,"column":14},"end":{"line":15,"column":null}},"7":{"start":{"line":13,"column":12},"end":{"line":13,"column":null}},"8":{"start":{"line":14,"column":12},"end":{"line":14,"column":null}},"9":{"start":{"line":19,"column":16},"end":{"line":19,"column":null}},"10":{"start":{"line":20,"column":16},"end":{"line":20,"column":null}},"11":{"start":{"line":21,"column":16},"end":{"line":21,"column":null}},"12":{"start":{"line":22,"column":16},"end":{"line":22,"column":null}},"13":{"start":{"line":23,"column":16},"end":{"line":23,"column":null}},"14":{"start":{"line":24,"column":16},"end":{"line":24,"column":null}},"15":{"start":{"line":28,"column":16},"end":{"line":28,"column":null}},"16":{"start":{"line":29,"column":16},"end":{"line":29,"column":null}},"17":{"start":{"line":32,"column":16},"end":{"line":32,"column":null}},"18":{"start":{"line":32,"column":43},"end":{"line":32,"column":null}},"19":{"start":{"line":33,"column":16},"end":{"line":33,"column":null}},"20":{"start":{"line":33,"column":32},"end":{"line":33,"column":null}},"21":{"start":{"line":34,"column":16},"end":{"line":34,"column":null}},"22":{"start":{"line":34,"column":44},"end":{"line":34,"column":null}},"23":{"start":{"line":35,"column":16},"end":{"line":35,"column":null}},"24":{"start":{"line":35,"column":32},"end":{"line":35,"column":null}},"25":{"start":{"line":39,"column":16},"end":{"line":39,"column":null}},"26":{"start":{"line":40,"column":16},"end":{"line":40,"column":null}},"27":{"start":{"line":41,"column":16},"end":{"line":41,"column":null}},"28":{"start":{"line":42,"column":16},"end":{"line":42,"column":null}},"29":{"start":{"line":46,"column":14},"end":{"line":52,"column":null}},"30":{"start":{"line":47,"column":12},"end":{"line":47,"column":null}},"31":{"start":{"line":48,"column":38},"end":{"line":48,"column":null}},"32":{"start":{"line":49,"column":12},"end":{"line":51,"column":null}},"33":{"start":{"line":49,"column":25},"end":{"line":49,"column":28}},"34":{"start":{"line":50,"column":16},"end":{"line":50,"column":null}},"35":{"start":{"line":54,"column":14},"end":{"line":61,"column":null}},"36":{"start":{"line":55,"column":12},"end":{"line":55,"column":null}},"37":{"start":{"line":56,"column":12},"end":{"line":59,"column":null}},"38":{"start":{"line":57,"column":16},"end":{"line":57,"column":null}},"39":{"start":{"line":58,"column":16},"end":{"line":58,"column":null}},"40":{"start":{"line":60,"column":12},"end":{"line":60,"column":null}},"41":{"start":{"line":63,"column":8},"end":{"line":63,"column":null}},"42":{"start":{"line":64,"column":8},"end":{"line":64,"column":null}},"43":{"start":{"line":65,"column":8},"end":{"line":65,"column":null}},"44":{"start":{"line":67,"column":8},"end":{"line":70,"column":null}},"45":{"start":{"line":68,"column":12},"end":{"line":68,"column":null}},"46":{"start":{"line":69,"column":12},"end":{"line":69,"column":null}},"47":{"start":{"line":72,"column":8},"end":{"line":75,"column":null}},"48":{"start":{"line":73,"column":12},"end":{"line":73,"column":null}},"49":{"start":{"line":74,"column":12},"end":{"line":74,"column":null}},"50":{"start":{"line":78,"column":4},"end":{"line":90,"column":null}}},"fnMap":{"0":{"name":"(anonymous_0)","decl":{"start":{"line":3,"column":6},"end":{"line":3,"column":33}},"loc":{"start":{"line":3,"column":33},"end":{"line":92,"column":null}},"line":3},"1":{"name":"(anonymous_1)","decl":{"start":{"line":6,"column":4},"end":{"line":6,"column":20}},"loc":{"start":{"line":6,"column":20},"end":{"line":76,"column":7}},"line":6},"2":{"name":"(anonymous_2)","decl":{"start":{"line":12,"column":14},"end":{"line":12,"column":35}},"loc":{"start":{"line":12,"column":35},"end":{"line":15,"column":null}},"line":12},"3":{"name":"constructor","decl":{"start":{"line":18,"column":12},"end":{"line":18,"column":26}},"loc":{"start":{"line":18,"column":26},"end":{"line":25,"column":null}},"line":18},"4":{"name":"update","decl":{"start":{"line":27,"column":12},"end":{"line":27,"column":21}},"loc":{"start":{"line":27,"column":21},"end":{"line":36,"column":null}},"line":27},"5":{"name":"draw","decl":{"start":{"line":38,"column":12},"end":{"line":38,"column":19}},"loc":{"start":{"line":38,"column":19},"end":{"line":43,"column":null}},"line":38},"6":{"name":"(anonymous_6)","decl":{"start":{"line":46,"column":14},"end":{"line":46,"column":27}},"loc":{"start":{"line":46,"column":27},"end":{"line":52,"column":null}},"line":46},"7":{"name":"(anonymous_7)","decl":{"start":{"line":54,"column":14},"end":{"line":54,"column":30}},"loc":{"start":{"line":54,"column":30},"end":{"line":61,"column":null}},"line":54},"8":{"name":"(anonymous_8)","decl":{"start":{"line":56,"column":22},"end":{"line":56,"column":30}},"loc":{"start":{"line":56,"column":42},"end":{"line":59,"column":13}},"line":56},"9":{"name":"(anonymous_9)","decl":{"start":{"line":67,"column":32},"end":{"line":67,"column":48}},"loc":{"start":{"line":67,"column":48},"end":{"line":70,"column":9}},"line":67},"10":{"name":"(anonymous_10)","decl":{"start":{"line":72,"column":8},"end":{"line":72,"column":21}},"loc":{"start":{"line":72,"column":21},"end":{"line":75,"column":null}},"line":72}},"branchMap":{"0":{"loc":{"start":{"line":32,"column":16},"end":{"line":32,"column":null}},"type":"if","locations":[{"start":{"line":32,"column":16},"end":{"line":32,"column":null}},{"start":{},"end":{}}],"line":32},"1":{"loc":{"start":{"line":33,"column":16},"end":{"line":33,"column":null}},"type":"if","locations":[{"start":{"line":33,"column":16},"end":{"line":33,"column":null}},{"start":{},"end":{}}],"line":33},"2":{"loc":{"start":{"line":34,"column":16},"end":{"line":34,"column":null}},"type":"if","locations":[{"start":{"line":34,"column":16},"end":{"line":34,"column":null}},{"start":{},"end":{}}],"line":34},"3":{"loc":{"start":{"line":35,"column":16},"end":{"line":35,"column":null}},"type":"if","locations":[{"start":{"line":35,"column":16},"end":{"line":35,"column":null}},{"start":{},"end":{}}],"line":35}},"s":{"0":7,"1":12,"2":12,"3":12,"4":12,"5":12,"6":12,"7":13,"8":13,"9":1040,"10":1040,"11":1040,"12":1040,"13":1040,"14":1040,"15":30960,"16":30960,"17":30960,"18":3,"19":30960,"20":3,"21":30960,"22":0,"23":30960,"24":2,"25":30960,"26":30960,"27":30960,"28":30960,"29":12,"30":13,"31":13,"32":13,"33":13,"34":1040,"35":12,"36":387,"37":387,"38":30960,"39":30960,"40":387,"41":12,"42":12,"43":12,"44":12,"45":1,"46":1,"47":12,"48":12,"49":12,"50":12},"f":{"0":12,"1":12,"2":13,"3":1040,"4":30960,"5":30960,"6":13,"7":387,"8":30960,"9":1,"10":12},"b":{"0":[3,30957],"1":[3,30957],"2":[0,30960],"3":[2,30958]},"meta":{"lastBranch":4,"lastFunction":11,"lastStatement":51,"seen":{"s:3:6:92:Infinity":0,"f:3:6:3:33":0,"s:4:22:4:Infinity":1,"s:6:4:76:Infinity":2,"f:6:4:6:20":1,"s:7:23:7:Infinity":3,"s:8:20:8:Infinity":4,"s:10:24:10:Infinity":5,"s:12:14:15:Infinity":6,"f:12:14:12:35":2,"s:13:12:13:Infinity":7,"s:14:12:14:Infinity":8,"f:18:12:18:26":3,"s:19:16:19:Infinity":9,"s:20:16:20:Infinity":10,"s:21:16:21:Infinity":11,"s:22:16:22:Infinity":12,"s:23:16:23:Infinity":13,"s:24:16:24:Infinity":14,"f:27:12:27:21":4,"s:28:16:28:Infinity":15,"s:29:16:29:Infinity":16,"b:32:16:32:Infinity:undefined:undefined:undefined:undefined":0,"s:32:16:32:Infinity":17,"s:32:43:32:Infinity":18,"b:33:16:33:Infinity:undefined:undefined:undefined:undefined":1,"s:33:16:33:Infinity":19,"s:33:32:33:Infinity":20,"b:34:16:34:Infinity:undefined:undefined:undefined:undefined":2,"s:34:16:34:Infinity":21,"s:34:44:34:Infinity":22,"b:35:16:35:Infinity:undefined:undefined:undefined:undefined":3,"s:35:16:35:Infinity":23,"s:35:32:35:Infinity":24,"f:38:12:38:19":5,"s:39:16:39:Infinity":25,"s:40:16:40:Infinity":26,"s:41:16:41:Infinity":27,"s:42:16:42:Infinity":28,"s:46:14:52:Infinity":29,"f:46:14:46:27":6,"s:47:12:47:Infinity":30,"s:48:38:48:Infinity":31,"s:49:12:51:Infinity":32,"s:49:25:49:28":33,"s:50:16:50:Infinity":34,"s:54:14:61:Infinity":35,"f:54:14:54:30":7,"s:55:12:55:Infinity":36,"s:56:12:59:Infinity":37,"f:56:22:56:30":8,"s:57:16:57:Infinity":38,"s:58:16:58:Infinity":39,"s:60:12:60:Infinity":40,"s:63:8:63:Infinity":41,"s:64:8:64:Infinity":42,"s:65:8:65:Infinity":43,"s:67:8:70:Infinity":44,"f:67:32:67:48":9,"s:68:12:68:Infinity":45,"s:69:12:69:Infinity":46,"s:72:8:75:Infinity":47,"f:72:8:72:21":10,"s:73:12:73:Infinity":48,"s:74:12:74:Infinity":49,"s:78:4:90:Infinity":50},"fnNames":{}}}
,"C:\\Users\\Martin Delory\\Documents\\work\\cv-website\\src\\components\\Skills.jsx": {"path":"C:\\Users\\Martin Delory\\Documents\\work\\cv-website\\src\\components\\Skills.jsx","statementMap":{"0":{"start":{"line":6,"column":16},"end":{"line":10,"column":null}},"1":{"start":{"line":12,"column":6},"end":{"line":51,"column":null}},"2":{"start":{"line":13,"column":17},"end":{"line":13,"column":null}},"3":{"start":{"line":14,"column":4},"end":{"line":49,"column":null}},"4":{"start":{"line":22,"column":29},"end":{"line":22,"column":null}},"5":{"start":{"line":23,"column":29},"end":{"line":23,"column":null}},"6":{"start":{"line":37,"column":16},"end":{"line":46,"column":null}},"7":{"start":{"line":53,"column":6},"end":{"line":80,"column":null}},"8":{"start":{"line":54,"column":4},"end":{"line":78,"column":null}},"9":{"start":{"line":66,"column":37},"end":{"line":66,"column":null}},"10":{"start":{"line":67,"column":24},"end":{"line":73,"column":null}}},"fnMap":{"0":{"name":"(anonymous_0)","decl":{"start":{"line":12,"column":6},"end":{"line":12,"column":19}},"loc":{"start":{"line":12,"column":47},"end":{"line":51,"column":null}},"line":12},"1":{"name":"(anonymous_1)","decl":{"start":{"line":22,"column":8},"end":{"line":22,"column":23}},"loc":{"start":{"line":22,"column":29},"end":{"line":22,"column":null}},"line":22},"2":{"name":"(anonymous_2)","decl":{"start":{"line":23,"column":8},"end":{"line":23,"column":23}},"loc":{"start":{"line":23,"column":29},"end":{"line":23,"column":null}},"line":23},"3":{"name":"(anonymous_3)","decl":{"start":{"line":36,"column":20},"end":{"line":36,"column":25}},"loc":{"start":{"line":37,"column":16},"end":{"line":46,"column":null}},"line":37},"4":{"name":"(anonymous_4)","decl":{"start":{"line":53,"column":6},"end":{"line":53,"column":21}},"loc":{"start":{"line":53,"column":21},"end":{"line":80,"column":null}},"line":53},"5":{"name":"(anonymous_5)","decl":{"start":{"line":65,"column":37},"end":{"line":65,"column":42}},"loc":{"start":{"line":65,"column":50},"end":{"line":75,"column":21}},"line":65}},"branchMap":{"0":{"loc":{"start":{"line":66,"column":37},"end":{"line":66,"column":null}},"type":"binary-expr","locations":[{"start":{"line":66,"column":37},"end":{"line":66,"column":56}},{"start":{"line":66,"column":56},"end":{"line":66,"column":null}}],"line":66}},"s":{"0":2,"1":2,"2":7,"3":7,"4":1,"5":1,"6":19,"7":2,"8":2,"9":7,"10":7},"f":{"0":7,"1":1,"2":1,"3":19,"4":2,"5":7},"b":{"0":[7,1]},"meta":{"lastBranch":1,"lastFunction":6,"lastStatement":11,"seen":{"s:6:16:10:Infinity":0,"s:12:6:51:Infinity":1,"f:12:6:12:19":0,"s:13:17:13:Infinity":2,"s:14:4:49:Infinity":3,"f:22:8:22:23":1,"s:22:29:22:Infinity":4,"f:23:8:23:23":2,"s:23:29:23:Infinity":5,"f:36:20:36:25":3,"s:37:16:46:Infinity":6,"s:53:6:80:Infinity":7,"f:53:6:53:21":4,"s:54:4:78:Infinity":8,"f:65:37:65:42":5,"s:66:37:66:Infinity":9,"b:66:37:66:56:66:56:66:Infinity":0,"s:67:24:73:Infinity":10},"fnNames":{}}}
,"C:\\Users\\Martin Delory\\Documents\\work\\cv-website\\src\\data\\cvData.js": {"path":"C:\\Users\\Martin Delory\\Documents\\work\\cv-website\\src\\data\\cvData.js","statementMap":{"0":{"start":{"line":3,"column":28},"end":{"line":13,"column":null}},"1":{"start":{"line":15,"column":13},"end":{"line":15,"column":null}},"2":{"start":{"line":15,"column":28},"end":{"line":15,"column":null}},"3":{"start":{"line":17,"column":30},"end":{"line":20,"column":null}},"4":{"start":{"line":18,"column":20},"end":{"line":18,"column":null}},"5":{"start":{"line":19,"column":19},"end":{"line":19,"column":null}},"6":{"start":{"line":22,"column":31},"end":{"line":59,"column":null}},"7":{"start":{"line":61,"column":27},"end":{"line":151,"column":null}},"8":{"start":{"line":153,"column":25},"end":{"line":178,"column":null}},"9":{"start":{"line":180,"column":23},"end":{"line":196,"column":null}},"10":{"start":{"line":198,"column":28},"end":{"line":231,"column":null}}},"fnMap":{"0":{"name":"(anonymous_0)","decl":{"start":{"line":15,"column":13},"end":{"line":15,"column":28}},"loc":{"start":{"line":15,"column":28},"end":{"line":15,"column":null}},"line":15},"1":{"name":"(anonymous_1)","decl":{"start":{"line":18,"column":4},"end":{"line":18,"column":12}},"loc":{"start":{"line":18,"column":20},"end":{"line":18,"column":null}},"line":18},"2":{"name":"(anonymous_2)","decl":{"start":{"line":19,"column":4},"end":{"line":19,"column":11}},"loc":{"start":{"line":19,"column":19},"end":{"line":19,"column":null}},"line":19}},"branchMap":{},"s":{"0":5,"1":5,"2":8,"3":5,"4":1,"5":6,"6":5,"7":5,"8":5,"9":5,"10":5},"f":{"0":8,"1":1,"2":6},"b":{},"meta":{"lastBranch":0,"lastFunction":3,"lastStatement":11,"seen":{"s:3:28:13:Infinity":0,"s:15:13:15:Infinity":1,"f:15:13:15:28":0,"s:15:28:15:Infinity":2,"s:17:30:20:Infinity":3,"f:18:4:18:12":1,"s:18:20:18:Infinity":4,"f:19:4:19:11":2,"s:19:19:19:Infinity":5,"s:22:31:59:Infinity":6,"s:61:27:151:Infinity":7,"s:153:25:178:Infinity":8,"s:180:23:196:Infinity":9,"s:198:28:231:Infinity":10},"fnNames":{}}}
,"C:\\Users\\Martin Delory\\Documents\\work\\cv-website\\src\\utils\\dateUtils.js": {"path":"C:\\Users\\Martin Delory\\Documents\\work\\cv-website\\src\\utils\\dateUtils.js","statementMap":{"0":{"start":{"line":1,"column":13},"end":{"line":13,"column":null}},"1":{"start":{"line":2,"column":2},"end":{"line":2,"column":null}},"2":{"start":{"line":2,"column":18},"end":{"line":2,"column":null}},"3":{"start":{"line":3,"column":16},"end":{"line":3,"column":null}},"4":{"start":{"line":4,"column":2},"end":{"line":4,"column":null}},"5":{"start":{"line":4,"column":30},"end":{"line":4,"column":null}},"6":{"start":{"line":6,"column":16},"end":{"line":6,"column":null}},"7":{"start":{"line":7,"column":12},"end":{"line":7,"column":null}},"8":{"start":{"line":8,"column":12},"end":{"line":8,"column":null}},"9":{"start":{"line":9,"column":2},"end":{"line":11,"column":null}},"10":{"start":{"line":10,"column":4},"end":{"line":10,"column":null}},"11":{"start":{"line":12,"column":2},"end":{"line":12,"column":null}},"12":{"start":{"line":15,"column":13},"end":{"line":40,"column":null}},"13":{"start":{"line":16,"column":2},"end":{"line":16,"column":null}},"14":{"start":{"line":16,"column":18},"end":{"line":16,"column":null}},"15":{"start":{"line":17,"column":16},"end":{"line":17,"column":null}},"16":{"start":{"line":18,"column":14},"end":{"line":18,"column":null}},"17":{"start":{"line":19,"column":2},"end":{"line":19,"column":null}},"18":{"start":{"line":19,"column":54},"end":{"line":19,"column":null}},"19":{"start":{"line":21,"column":14},"end":{"line":21,"column":null}},"20":{"start":{"line":22,"column":15},"end":{"line":22,"column":null}},"21":{"start":{"line":24,"column":2},"end":{"line":27,"column":null}},"22":{"start":{"line":25,"column":4},"end":{"line":25,"column":null}},"23":{"start":{"line":26,"column":4},"end":{"line":26,"column":null}},"24":{"start":{"line":29,"column":2},"end":{"line":29,"column":null}},"25":{"start":{"line":29,"column":17},"end":{"line":29,"column":null}},"26":{"start":{"line":31,"column":2},"end":{"line":33,"column":null}},"27":{"start":{"line":32,"column":4},"end":{"line":32,"column":null}},"28":{"start":{"line":35,"column":2},"end":{"line":37,"column":null}},"29":{"start":{"line":36,"column":4},"end":{"line":36,"column":null}},"30":{"start":{"line":39,"column":2},"end":{"line":39,"column":null}}},"fnMap":{"0":{"name":"(anonymous_0)","decl":{"start":{"line":1,"column":13},"end":{"line":1,"column":29}},"loc":{"start":{"line":1,"column":43},"end":{"line":13,"column":null}},"line":1},"1":{"name":"(anonymous_1)","decl":{"start":{"line":15,"column":13},"end":{"line":15,"column":34}},"loc":{"start":{"line":15,"column":70},"end":{"line":40,"column":null}},"line":15}},"branchMap":{"0":{"loc":{"start":{"line":2,"column":2},"end":{"line":2,"column":null}},"type":"if","locations":[{"start":{"line":2,"column":2},"end":{"line":2,"column":null}},{"start":{},"end":{}}],"line":2},"1":{"loc":{"start":{"line":4,"column":2},"end":{"line":4,"column":null}},"type":"if","locations":[{"start":{"line":4,"column":2},"end":{"line":4,"column":null}},{"start":{},"end":{}}],"line":4},"2":{"loc":{"start":{"line":9,"column":2},"end":{"line":11,"column":null}},"type":"if","locations":[{"start":{"line":9,"column":2},"end":{"line":11,"column":null}},{"start":{},"end":{}}],"line":9},"3":{"loc":{"start":{"line":9,"column":6},"end":{"line":9,"column":63}},"type":"binary-expr","locations":[{"start":{"line":9,"column":6},"end":{"line":9,"column":16}},{"start":{"line":9,"column":16},"end":{"line":9,"column":27}},{"start":{"line":9,"column":27},"end":{"line":9,"column":63}}],"line":9},"4":{"loc":{"start":{"line":12,"column":9},"end":{"line":12,"column":null}},"type":"cond-expr","locations":[{"start":{"line":12,"column":20},"end":{"line":12,"column":26}},{"start":{"line":12,"column":26},"end":{"line":12,"column":null}}],"line":12},"5":{"loc":{"start":{"line":15,"column":45},"end":{"line":15,"column":70}},"type":"default-arg","locations":[{"start":{"line":15,"column":55},"end":{"line":15,"column":70}}],"line":15},"6":{"loc":{"start":{"line":16,"column":2},"end":{"line":16,"column":null}},"type":"if","locations":[{"start":{"line":16,"column":2},"end":{"line":16,"column":null}},{"start":{},"end":{}}],"line":16},"7":{"loc":{"start":{"line":18,"column":23},"end":{"line":18,"column":44}},"type":"binary-expr","locations":[{"start":{"line":18,"column":23},"end":{"line":18,"column":34}},{"start":{"line":18,"column":34},"end":{"line":18,"column":44}}],"line":18},"8":{"loc":{"start":{"line":19,"column":2},"end":{"line":19,"column":null}},"type":"if","locations":[{"start":{"line":19,"column":2},"end":{"line":19,"column":null}},{"start":{},"end":{}}],"line":19},"9":{"loc":{"start":{"line":19,"column":6},"end":{"line":19,"column":54}},"type":"binary-expr","locations":[{"start":{"line":19,"column":6},"end":{"line":19,"column":32}},{"start":{"line":19,"column":32},"end":{"line":19,"column":54}}],"line":19},"10":{"loc":{"start":{"line":24,"column":2},"end":{"line":27,"column":null}},"type":"if","locations":[{"start":{"line":24,"column":2},"end":{"line":27,"column":null}},{"start":{},"end":{}}],"line":24},"11":{"loc":{"start":{"line":29,"column":2},"end":{"line":29,"column":null}},"type":"if","locations":[{"start":{"line":29,"column":2},"end":{"line":29,"column":null}},{"start":{},"end":{}}],"line":29},"12":{"loc":{"start":{"line":31,"column":2},"end":{"line":33,"column":null}},"type":"if","locations":[{"start":{"line":31,"column":2},"end":{"line":33,"column":null}},{"start":{},"end":{}}],"line":31},"13":{"loc":{"start":{"line":35,"column":2},"end":{"line":37,"column":null}},"type":"if","locations":[{"start":{"line":35,"column":2},"end":{"line":37,"column":null}},{"start":{},"end":{}}],"line":35},"14":{"loc":{"start":{"line":36,"column":25},"end":{"line":36,"column":null}},"type":"cond-expr","locations":[{"start":{"line":36,"column":39},"end":{"line":36,"column":45}},{"start":{"line":36,"column":45},"end":{"line":36,"column":null}}],"line":36},"15":{"loc":{"start":{"line":39,"column":23},"end":{"line":39,"column":46}},"type":"cond-expr","locations":[{"start":{"line":39,"column":37},"end":{"line":39,"column":43}},{"start":{"line":39,"column":43},"end":{"line":39,"column":46}}],"line":39}},"s":{"0":7,"1":17,"2":2,"3":15,"4":15,"5":1,"6":14,"7":14,"8":14,"9":14,"10":3,"11":14,"12":7,"13":59,"14":1,"15":58,"16":58,"17":59,"18":2,"19":56,"20":56,"21":56,"22":1,"23":1,"24":56,"25":1,"26":55,"27":25,"28":30,"29":11,"30":19},"f":{"0":17,"1":59},"b":{"0":[2,15],"1":[1,14],"2":[3,11],"3":[14,13,11],"4":[13,1],"5":[59],"6":[1,58],"7":[58,0],"8":[2,57],"9":[59,57],"10":[1,55],"11":[1,55],"12":[25,30],"13":[11,19],"14":[9,2],"15":[18,1]},"meta":{"lastBranch":16,"lastFunction":2,"lastStatement":31,"seen":{"s:1:13:13:Infinity":0,"f:1:13:1:29":0,"b:2:2:2:Infinity:undefined:undefined:undefined:undefined":0,"s:2:2:2:Infinity":1,"s:2:18:2:Infinity":2,"s:3:16:3:Infinity":3,"b:4:2:4:Infinity:undefined:undefined:undefined:undefined":1,"s:4:2:4:Infinity":4,"s:4:30:4:Infinity":5,"s:6:16:6:Infinity":6,"s:7:12:7:Infinity":7,"s:8:12:8:Infinity":8,"b:9:2:11:Infinity:undefined:undefined:undefined:undefined":2,"s:9:2:11:Infinity":9,"b:9:6:9:16:9:16:9:27:9:27:9:63":3,"s:10:4:10:Infinity":10,"s:12:2:12:Infinity":11,"b:12:20:12:26:12:26:12:Infinity":4,"s:15:13:40:Infinity":12,"f:15:13:15:34":1,"b:15:55:15:70":5,"b:16:2:16:Infinity:undefined:undefined:undefined:undefined":6,"s:16:2:16:Infinity":13,"s:16:18:16:Infinity":14,"s:17:16:17:Infinity":15,"s:18:14:18:Infinity":16,"b:18:23:18:34:18:34:18:44":7,"b:19:2:19:Infinity:undefined:undefined:undefined:undefined":8,"s:19:2:19:Infinity":17,"b:19:6:19:32:19:32:19:54":9,"s:19:54:19:Infinity":18,"s:21:14:21:Infinity":19,"s:22:15:22:Infinity":20,"b:24:2:27:Infinity:undefined:undefined:undefined:undefined":10,"s:24:2:27:Infinity":21,"s:25:4:25:Infinity":22,"s:26:4:26:Infinity":23,"b:29:2:29:Infinity:undefined:undefined:undefined:undefined":11,"s:29:2:29:Infinity":24,"s:29:17:29:Infinity":25,"b:31:2:33:Infinity:undefined:undefined:undefined:undefined":12,"s:31:2:33:Infinity":26,"s:32:4:32:Infinity":27,"b:35:2:37:Infinity:undefined:undefined:undefined:undefined":13,"s:35:2:37:Infinity":28,"s:36:4:36:Infinity":29,"b:36:39:36:45:36:45:36:Infinity":14,"s:39:2:39:Infinity":30,"b:39:37:39:43:39:43:39:46":15},"fnNames":{}}}
}
